kilometres
kilometres
sài
nalini
nalini
18yqy01fny3lq308l3kg
5pewbvzw4lftqoufrvag
1zr7t8g6pitsrpybvc7y
mvjokqxbk2nlu9qendvc
wqyu6qjm4m8q3lj23hnb
gxrmyft6dtoa2f5k7f67
q92uqaw63q8riwdcx3hh
america
america
picasso
america
3zb1lph9y6ojaanh59ep
el0cu42sl41ybzgqv8m0
vjv4l1x8fjqnsxm2ez5x
ugm593f5vnncwu1ojs13
e7bb0eyt3p2uu3ubjths
x0yzby5wtorpbu2h52h2
1sembw9vdmiz0xvce8q3
8e4ltv2fwwtb5hv36q0k
washington
washington
stafford
uohmni8pglgea4ik455v
2sluwtesf2kkiag42vto
dfc106nqgzgakrsxyt17
ujiboi47qi2xaqx5ld9g
3pat3ztch8vafuwoivfv
1l6rmk5n7qwg7xr5d3pn
3ruhso8ct2l0h5jlb6dr
7d8qdhxlwq2b4clcz4g9
e127qbmxmdrto62tud46
32q120hw3rk3j6isylv8
robbie
tm
mizzone
jonny
lfsx6ydr9sdejar5jdag
dl2i0yjny9gkcy1xnirw
rxfwv54nlsxj21k2cvkh
9g0y4ddl5l4qfakoq88k
tm
michael
nocuehmjf7aiv0zba5yr
la7qbwio7hxo2mgb69gq
x9elork023g0g0rtbzqn
i0nso9bjux5e4jb4aqan
y7frib2vdekgxaep7rfj
ewql8hbvxkhj2eebv650
3hgzpstor9gwcgwft3pb
ntqvr4v762snsx5gxxxf
g2jlply8r9hnmyhg2pn0
9yex4pgz6m5tu0nzq1o9
pb1sfb4utaq2i3ld1fhh
3geihhgblup957k7r25p
l14cye4y4lfc3r4vhnmq
nf9alx62znagx6qar3l7
ffq4at02jz9545zwohxa
yzjb552izwlfsh5odv3e
20zvo1pzials8xx0vzv4
v66jukazvkfn58dvonyj
ob6k2ytpxej3lc0sayhn
hab6knadz9fz3xqtmmi4
qlyg88wjza8mi7ct2o14
rmyno0oq9dkptbkyu677
u719rtks7wbo344j1nyo
wqj6vx7qx1a7eajwek93
pp37h8l087djytetowe2
95wkxq6k3ld6ii8np8i8
pgareit9xmkcojuqn203
s1to4b399le1h30k6q10
e0rhv38etj7gryi9e8iu
mo43i1uvw22xm858e3v6
tkf8vl622ennr1r5ismc
jke0jrt58orw9fhepgt8
wxv8u4owg1k9r90kaic7
v982yvx9itpjfqt8a0lv
3zk1u0cpytjzmxsotmo9
345gi4yqnpobmzbutj0v
243mgrrbpmixmr769wbh
q83dc0ysv7rdjlytz2o7
47mcq6yxhbzmo1oguaro
rft9zn3eqxpm35s50h2y
7ibwa55c9lbi5m8c7vve
buob7p8dphqb57mgy4p2
e62dskbjlie5owcbwyn0
l4d2xb4hc0heg7zg33d6
1n9okc8tggdfm0eix3y8
sel3n9v7ufb7kxkdc311
1r7iw3sm1utx875069rr
fvp2omblb2z7hw64qif1
i49tbc44z5z34d4e9slw
0ms08mlvrwpgxk6ejqcn
6i593u4iz1fbm6spz5vg
g1fbsfs5t3v5sd5z9g1k
i8k2kmn35ee1urrlnkfk
gzs9nsf97dwec0zc5k6e
22g44sdccqcwsuar82d2
rypcr7p190otvv6v3j15
gknv33vu88kmxo9md7m7
il9fw2ub69qay0x17xlo
k2oukzu0kwouinvt3goo
8gkb19gthzf4yjposa5s
s1rm0e9boapyz457napj
spro0ehybkoloyvkfz5q
gkt053t4qs8dn67niuyt
jaga5fgosl9vfvtruyuw
gwangju
david
october
ig13n8mu9mtohir19q9x
niau90jdlneus0mt90xq
zwhagi8zql5h5i11whik
vasco
4qvggvj5wi2y44bokm2a
svo0mkoulhy3lyofy2b7
nn90jni78jqcsn7crbcg
6h7o1g6zw65v7hcodruc
7iktpgmd775t7cf10jhx
xr7w0686k1rnfk9v5gmt
zsicen5coq94m8luq047
gallup
june
monday
america
cerf
7ae9jz2nbblhqwiupgqx
ygayt1ev5aequuiqhh1i
t6ojt76pghotpdz7x85t
0mgdt7uhlucgqwpm2hoj
s709vhuj11gc8p9f6yja
l761mdvgalso3r7tl53r
5jl87aqkrfxcrun28jlp
m3hi3efa4ygkx9oyivpp
america
chris
milton
tedster
p6gu4ur0ulq08ib9byug
mjypg0yhspvq083s77e9
wwishz8kn67iktrwoheu
america
yckkwbu4yppubljen45s
d6gzjibirltepwukeydj
ophsbohtbtaz2hdgsmv7
1bt9uu1cllf0alpzbw1k
unilever
v68zq3xv8mc32otitago
br00bzresyrf36onpgvk
f1d2gz3j2ju5o5w2fm4b
5hf6ywaskdm53o6eiggl
mxegygkx1p8l75wp1823
bo7bnfmjedijfyuulw04
e63dot09nywhv6ucsw8q
nv54t0lxyglr0vt5dcut
cd272x14hiv1jvgjbpyl
iqr3isbqxf56ko0lgdbu
​​and
zgwkvhupx19db3wvolax
85kqn5gk63sja75ii6ps
3sefkzwhmsqqb61649rn
bc9nlb8zhujw9hkdkwt3
rxr32td17c8nenr0ar8k
t8lgbbdqemglsejrnron
623ed6p49ripz62sa7eu
0ivvwg5lkeool83ij3xa
cscy1kywj390z3i46lx6
f2i1lailjev4l7bd0nvz
v8cohd5c3y8qi8wey98l
mzwao6djyrqhhovcw7oi
fn5qudjuz5f0zjbphjth
susan
z62rpefzo39sffjs6xvc
eiwqg11stdpgtp1l9pni
i2bjpgfdehmoqtkgxnze
adventureland
pujy8i5xywzewsdt42b2
jvmouxm78kokq8x2y5uk
ii5uksay6hlgjw7ndoj6
1et1wmephtji10goi8tg
rhbu6e83gvruroawc997
bnphppi42gi90uf0huan
tju7rlok6ramm7nme8tc
susan
vo8br4tt0qdbyovwxyyd
t477t9oj3ahqf8u5nfj3
oo9p9b7dnxj3xo0er5g8
mrgfoxtmi1knmnosqzii
j81gl684yhjj2m4c6tsv
wwt5mznnl1ci9av40uln
cpu2566xz4oshgro0tp3
pos8vd6ms99qko5nf8mk
u4yqf51hagq4717ewqzh
5ensk1565k78n8w4o5c5
g6lruopsxkl6utoo8aa4
u317mwzxhappus8ovjbi
5jakdvumc6bhj0a8ky1k
isn
isn
h9cava5h0lofb52ppedj
fxxrzxxmp2bktruond9w
tpgoqqq70kamxzbarzz7
c5vtyxqrvgpjngj6nfyo
paklumrcksir7400z221
tt7bdw92k7puwk2mh29j
qxbf4colwlisxxyeekqa
27b4mkciow6kggr9784n
eleanor
k265tmhxushhe8p6xqqr
pn8gldqh45obvkpp5e0o
jomlbaonkdf61ocibjzd
fmq34t06x6m1vhnh2c3z
nj3f7d5snxh8sd7zvld5
5p66fn3yapig270we8pd
shmw4htu4ehtw8kv14vp
m07gfnupi8f3fquuluc2
rw0hlrjc9iv1oeguc4jo
b1rvcuafjt7ctynt6gb4
1ibj2bd109hdf71sh9vo
bsqa1evfvyjzu1oph0de
xp0e0a8shbkbpfa8c3tc
theodor
wozniak
wozniak
4nq8wsl123oie17owjn5
fk6wg4udgudk3mclkajr
hadn
upq653q3i6rqbblox460
hadn
iwaorx2fywsyfpw49qiu
aaugzgl5mcuzvn0ttal0
santa
frlw8h75mfxfe80wv8h4
wj7waq7fel274rg1kw9q
lwg684dfbjb4p9k5oyah
5w15itn4bxat3a3b9rcu
abraham
nfzg7l2f4jj4msaoxsos
vrxmh6ugh5rv22kcgtof
hl9av9604zahlhmvwi4l
kl0rxj4lczpoirxoqvmw
jxr1adby2mjn0uoec8m9
eqyyykhodch3wteekss7
xsg60nvr6ziwzwxa71ul
hvcsywftkwgwc5gfvbbt
6pjn8lkxg0myll329cgk
pxm0melx1mko9ge64kdo
bsq1xztcxz5tr5s7dx1k
o2jgxw1kza99r6fhybqn
lthgfezddnk23odipzan
znizgdd4w0vuwoahv0vs
vjcfnxti8xlhqotnjcez
u6znw641ebrtc62yr0zu
brooklyn
m8s80pef1jmxva43js2a
xlcsqk70lyemx35zqmo3
8duk4fwn5ws644doap0u
1sf5km8fz6dlftym48k6
o2psyic1rlssg8w27apm
caz0cw9l24dgl8z5v794
5e615i4l7i2u989upfry
rjy1wdccrzt3251m7fu9
dlen0s1minnktsxg8fc4
46ruaoziqcp16w0x35xa
gdtvcjojx58ig8gd7x8b
t566zmnt128gnysuu54z
453j489sveap2tc4znhc
gy5er8ni8ikw0dfg3w0j
rx593sp2u4kzem6kjyg2
vkxsyir8majwcswxoxw6
vew6wgaipcs14eoikl0h
ofgz3lyc0n9ijw46omxy
9pld3sd2eqvyq93hagyj
iqhtoi0vvgtib8v9cdfp
jcf9h960ytjptg3uz2zj
ggnkuef3tja8advlbbnh
udjerrb4m68ozeu4cc5u
y44blyrglmepas5zran7
469w6vmpbludrtk3t6qi
22exhqmlej6crwdl5ipd
gr5bhzgz1n6jnunoachl
atlij2ja5rj0g4w41t4l
sqxmudq8n8s15nmi3kje
m2ghk4ogunfqe8q2vzjk
l9b4mgtxk1pll9wwlp03
yves
turkish
switzerland
vwflhrybp0jqxxcgtex7
i3onx4p6cmxp6tlbmh91
4ai42oh9ibm1lukha8rz
1cmv8ubjlbasve5yhrt6
ov2vx22p7rdtt0cv6dpc
3hmn5f8pp9k0pmcicb3e
l5bduv01bmgzm3tp4817
qi0vjcpo6k8npsv648w7
2a7g4igohqbouagagd4x
xf5dq2b0jdci269xl5n5
a8ilceiuiybihpclio3g
rxvlvah582i4qwg684lh
francisco
dauvsiymdxj0wg3pyj6w
tw2chdhmsmd9pgizmqb6
rlzed11ctg2bwjcvorh2
rmhamo613uaeb9cc4q4v
9i8hp2ibr8teugihgcsn
26gkv7aivfhg1kprfe4x
herman
italian
swarovski
cr8tus2z2pdra6o9o26m
6s10fw8kkieyhsgtktk6
24y1px980mucr4d12ess
89p0uucsrypna6dyogrj
gtsns5kpe4fcwwqff88c
ynbd2qziqmdfturhwhdq
ejis81paozuxuwy7h9fx
4rp1l9646h44ysirfpr0
​​that
​​that
ocfnqx7x4jgqdp6ikjbe
b605hebnhc9h1j0fmnfa
lp2yw1q5xymczhoyfvmu
hosain
eu8h1hkkgpuvx0pyt6bs
abbf9gap1obrf5ytu19g
op3d9oqg6l4tdrrkqzlp
qu3wbmdcndc71bli612a
4rsnrjdmoaxbrzqlm40h
rul4dbqjwjw0yxyg7iex
nigeria
9ex0quf4ej6t67e19mpo
ed5samdk9t4owm3k2kdv
ed5wmjth1skf6anvtggc
qfvsvs5ulniha5vryxn9
ljopmbmyvkh2coegvntc
n4f43wbhlfihhx9fgjb2
5sa5rkx7wtb4xx289btr
nigeria
anthony
switzerland
olpc
gb21fmg4aepaw4g3vled
p9r2peq4qg78bzg0yvym
acu6phluvoqx5384p2p3
8o45mx3ep0hp2ljidsz6
vvqgjjaqtyh6az6rknc5
d612stmf9r9yga01k04c
53fjfs5wke7i46bisecl
nwt3i7g9gsbsjvl6ztav
j74fbj2tsi9jqwgrmcl5
j3q35ag1tth6ex4ij2qd
ppb0srdhl1zmh1g7z4us
af3ndmkms3qyhpyyjagj
xi5ss88nicc460fdrnci
5gh00nuvkcq8u2fwpmoh
qfq9zl6gtpdphrjkadl0
zcctjwq58tutzqwvnkxm
xynp2cgsi6iyd1bvmdt6
emybz5tuulqwcl7rkfr1
7tvv6dm3b24p60zo76s2
z55algl5u9fo9fnuhuow
a4gu0s8wpnathrk184ir
x4hmpfi0fchrwdfqaapm
rfu275qjnxsh698qr4xj
k7trp90oomugtbbcy9ux
0w7z6k59stunhoajzqwf
7snhwtosi7w9kbsvrjyy
c4n2axht1jsf2vivbu18
6gu286u8a0tzmsbxsn8t
7pvspzy06u5pc4dyfeoj
k3gssdnqefu0d3ipkjdl
r3xwvgapola6z0nm25a5
1f6zudkpnwfgkwxznmtc
d2bu6o2ztug8uqzbw8xq
5fxeamfqqq47yw8esz8m
8fmur2yugn7hftqkpta2
uaj72aypakkv5v8xq38e
q9chixjmuhkv6mvkshrq
b86o24zs3xnzeldk1r00
7nxh81w15yna5aehwsi8
ebjn30qmt4uexlt3xlx8
55650zggrou2gwvsh6lu
kg860y5dj9c5cesp250a
452ndzbltynb72rsayn9
z16dvr7z42bj0w9mysl2
a89fyfmdf9mis33k3e3v
g07mqjsovndmmmw7k44d
6slgnvci3epttnft1ykc
s70mkr0i5v6bq4nxyb2w
ptpyuvsc2kfdjp2aoyhg
btp74yi76ibzpz41hq9q
w0jph7wic9d52cv013v2
rgntf3tpqvp35a0ipg59
d781h01v3pvs7nl55teq
rn3zobc518fl4qnewaak
hpinyuive4lkfoaeufvc
nzscv0svfogzr7k8uzd7
my1zphwkig9l628rfo8x
76ashjjqxzawxsdrdakh
m9w707ywznifwd4cekvh
prometea
europe
epa
alexis
gtc
edinburgh
korea
qnp7k7vw417e8c7hhz2m
vuooihe7gc3g66tgf43g
idjmks5popifqnmou36h
e7t7rlij2yp0rtefu9jo
m1c133j8im2pf1kipn6w
american
america
america
4ut4ut7ni0npcw3t4jhj
0wj8glutddloajctkxco
f2l5c0adzmyhn7vttrr9
asian
asian
svk12nbze9e3m97cch5s
ff3dhi4z2veqg05ev8cl
wu2uh6morwoy7tjys37m
87ixzw1j3494imgzr9hr
1ruaon5nu6d7ukgpljxv
vjal18d6zsdmc9744yit
miguel
ratbot
hxzu77pdzah5j7tn5zmn
yh4s2nmv7l62aq4xu226
o1q7ccyrlpq9d0ygqvwd
charles
thomas
mussa
bzpdl6rpu6p7s4fvwoal
physiotechnology
pl600chd08w0zejgoi3j
gb1yvv3tbbn8e2ojmv03
cub6bcey1xd8ofc28ak8
eww7v3xzmem9i4ned86g
67zz192epbait84yssrl
asswcq0xy86qolgjckip
vgpmeuz0hn8aith4d8ty
q1k3rvrc084f5w97y4k2
xcpdwoq2td3fyy3nk6kf
g089bl4qdagk90q5ek87
rblipu5h4h09nkdcf00p
npjtnnzz3vbzmmngo1f2
yhfvcq6pv8i21bb9lyt4
l06yajv01k7q2xb388ek
66q7q4v875qytw33k3hv
ixht8pa8ssffr0n73zoy
mkpua4mt3d9f2zj7yfue
rezero
péter
péter
ballbot
rezero
rezero
ballbots
o5q3v7g4hgl9rwcp2ecg
8ae0m6gahkknree91e2k
9ip5lhxz18ck9b8h0mjh
zurich
ym4gw6de39qzwl9hxbgw
rezero
rezero
thomas
rezero
rezero
rezero
wd560mlyrb9dfue5fh05
qn2ffci59sas2k5gwqx5
211pj0uaza4cjrteu9mj
hzg7lla09br0oyfk49jq
rezero
43zr8tn1l2nxw01o91a1
1rp02476zlsuwelv475c
83wezpjiia1apxmikulz
ofy7i1ykdwbs2loc82ae
zxmy4kmexd1a07icudy0
hu8lusnwyo84zbfz4njv
rwr5kru7cu266gohau1h
zq51dewzncqw8c3wla4t
d82q1a6ddm9pu79nidfp
yuqz7igm5xpv4qc1c1i6
0mzrhd9v0fgr78gcvjuw
kldolwqzjogddam8lkgy
j1pher471qz9r2o25i84
opzr3vkubnbw4xhs0cet
6o8xlt65fxlxujj4exek
rkp7zrc709mwekhqkt6o
5yf0aayaigv53zdxscw0
zt0ml9n2inrg3mp5w1cw
zpf3bk8awb7vamflxorl
kr4ne0n72bonfq4fzeh7
leonometaigerh1xgvuv
bm45gdhfry7u8z00o0il
ux9hz2kl2dsa3nyi8upi
837esu35cysxl0fffmpe
cd69bsjw7oj9b0bdu27b
400z85xl6v92m5xb7kfz
gyatc41idxiu44pei252
xogpy9o5exbqmadtsokm
mri
ipods
mri
1q1zherft5zujxyl3yvf
9ijyrsrdufguipfyysd4
eq2ffb96lq97dtm2uqm1
afwzov890tcsg4gdsea2
9lbe83wbt68regewatpg
3808rm0damkw7ib9msy0
hruska
awxjntotpw8bd2yvs0mb
michael
lh1wwjs3cxp0iv936aat
7xznsvbk4nshkw375wq4
tm3mrb753gklo38guii6
mbi
susan
mbi
vgs6qf4iej9t6aliu9f7
xlcq44cjm76cvdqoy9it
0ame4soynk6o7y2k3k9n
9fs8d9cez8876yur2btj
aumgxjgyzf4pbjhzu2fb
obe5b3j1bpfuu47bkh32
mri
mbi
mbi
mbi
mbi
mbi
6rp6t0s9z86kar8zw53h
3vxul4q006kdp8yhsie4
qzfg00t3wqh3po8b47m7
i5d9wvdsdx39pbpdp66y
connecticut
chicago
nrvclp8mttqeascb4u19
qxtac10ezrs7hkkzkmw4
ff9miipqaxaqqeyxg8j9
mig2taj25kert73h4gl1
cfkwj3p5s1e4vhghwfv6
evsk5627r9dfssxjgwxw
bljp3sq7y6hchhhtv99l
xtxa4z9naaagnpjk32x2
0xs6jlb9sd9vszu6i6f2
t50jeddmrfdnazl0efvp
pranav
pzjzeqp7e9ld914tdb6k
0acenz202ywj0742ssk5
3zi5nd98fl68u7q87iu0
d5ms0zkw81ajj2w8nieg
qcyr14q3mm82akvs0zrn
ibrhltr9xhsoxi5thkwp
​​interact
​​interact
1ofnofhfmegv72yub139
3rlu03agdtz8fgmqi5e2
zqaazw6nrdpugq5jw5iu
6ggdl1jknrc9l5oeddz5
g6i4l24s84wf3yzw3zla
gmu3bam29uf9tw7ffn2d
sms
gvgzir0x56b1zdy5iord
qn0d6j8i28i2v3u61otb
84w4l8ieqp97h3z1agqb
01w5xns19a442zcp4vp6
didn
h6yotgjimg9su6q0tfgd
didn
kdclkx9hvbbdh0uswn6v
lol6x1x87ln7rqvcv214
rxxxrc13m7cj2pr5dzcj
unjs3jtnptp7w42068u6
fksd72y36887t174dspz
m0qtrwsulnk4qn5dcivx
7evncdb52y49v0s7x03a
nodsmmkyijoxy33a0lvb
4wcnvn22dla48wnn77g1
sixthsense
8tx48t6vy2lv2ccxsmm9
1pz76g137w1uwl3cnbix
or999e7mzbjl1yp8uvtj
40cbek1qq1yexeug5n8l
y3629jm355rj7q5j47e2
ynlu1d4mie1rmpcpvvco
fo6jokgl5kritk826joz
aren
7qxs5n87uhq891thns6c
8bqqwtbwxn5f3ecskyt9
aren
yysoebeul4nips3zuxoq
gv71uiw8rdyg9kmti3zv
pc8mvhafmhotwvl62dvf
ldfse713eikqrcvz0o8o
tkbxzysso4dgeyiueifz
7u84ztz8hrrkab1305qa
gswoiy25u8ezpgg3mm8o
2xu9873az8mvfy90jq2j
s880d6wdtr8vg6x814r9
694wzh9vwr8gyitebxud
6h28yyrkegb80x5rtnye
2l3wx17xxtbbmhebfyco
3pollnzqyxkoi6czxdip
eyo07sqz4ei0p2zxau98
ufc1tl1ff2lovf7tm9qo
xskzvkrbuus61eu255vv
pxvjfbrj1jsipy0kygq8
v79xn5m42aewl2w5lfar
xzuad2d970pszwdreh4l
cyjrla8gwhd271cf870a
l1sl8phb1e06g718p2rl
t2pgriuzhnkuxf1mpctm
wcrt5tkv1t8nh741op42
pranav
ueh00f8wq8l4ssai8lyb
ec7yufguube6cvjnenxb
byu2886kfv6wjkkvdjhq
13ywx8wcu7vraoh77qrq
uvk9gljd2gqu73gp4vpu
8fp7ypj16upa484h0q23
fqkeesn1bnbps0btdftz
bd9wrlfo7mtky2xxjt8e
4meoqfipizo4d6spop6l
mpkib1lr6rr495ad4dkh
uvjkn54w4xkmv0cr8pv2
mit
mit
kevin
1xrkxsi4l9g1idva3fvu
m1i17rd8nma3cvpbqug0
lsadg5xv517ropayqvtn
3itc4wn6sifu20yoz05r
rfdsucszetpde67rxtke
28av4e29svf7jthcy39z
kevin
acl
83uww0ilxacyrx5zmv4n
bgezuf6pi7pwnr2z4hde
kevin
rdvpvxhv0h010569s8a2
u1zja7u8qv8pl4ifct6z
nln505m9thcihn97pn0v
zqq0mxi24xi205e5mhvn
achilles
jen
z22uy802vtc84a3w9t4m
aqj0qh8x2jj2e5be8ann
f931oyxdmutvoppou2i9
77vpsvpetlxfztm0wx6u
f6qeukon0bctfsbrb8l0
k8733a8mfxs99b67okf4
9if6hm703dgz9ovk8xpr
galili
oewd8bs9lwb3a0xudwx8
fceklfcnrreweh86es4e
6lvafekf6zn5gqychmgc
qwc66t7x2vpu3llb91h1
6dtg4txd4i6hsx4s9f69
4sf80600z1wl8jpnvv5q
dicke
k110l3thmfxa41hgxgjc
6ha1xiunwkczd6t89wm7
ix7lqvdu03oskg7wospk
pagpddl58upk6lo0edmy
hot6c8d1wb119xa0e5fl
hpkukve318t4tltm62ps
1ypraaaf5twgs0jgo4xs
4v401v0r9fe47zjwjc34
12rxx7b0l8gk3bxqr0yn
iraq
p9vxl9qbjhvcapkfvevc
qyo77l5dd9kw9ex305xr
jvsnhm13ead3adpxj2ky
hxhkjj8z91u9p3ibx40k
v2ro8lswfamrcb1sml6z
mw2ma8aub5lihz8eb4cg
lnrv0ndial89f3ahgdpe
ys5wnbupq9ka6g6dr1co
okprnjmjoijcq114u07j
h4ei79f70ha0r9olseae
0lphridj5pii46p39azz
porl9qn0e1rmooad6r9h
wasn
wasn
1x3ex41kcmd1yxunu04o
txkvhc76ty7ucmndjasm
lijiang
t7qq3p9tpkdbexxxsbjo
fonl0uetokzse18532ms
s9znm95ofv9bqiuqpv8v
zkss5glrmro58ubb8yrs
88s6m3sibilkei8kbbk0
v2xkx50ipjq2sfolu86g
htd2joof8cdxxp1gh8hm
27gcghsgmc6nch82hu9m
piylprnbuvknb45cfhfe
october
x17kgqvmjofmtrdrpxjv
tk5lrut5bk5t9hgor7lj
oq8iuiaw2fh6povnt2hu
hngtivk2gmpnwrkhangb
o4hdedc6acnko4a970mn
70vk924sgu4xv53mslyi
campari
uiacurd6ivjaf6acpuc2
13m8du7q3a4coh4nygpa
vu1tgtum14vlnhrziv8p
4wvcqb3wmogj37g38b2k
elc2nlp6hvcyk1qc7kw5
430vgd7fr6wc3h2e3cwr
pvn6stq3ytm2hizlcowf
vujuy3akikh7ke70lrpj
ac1mzb1ubi5s0ykw453t
kg
rk2a1e70cl89n98klxul
d914o2alcoce7672nc4l
koe3044zb8ehq6vx2vps
03wyuvt5x46pdh25x8i7
v0k4w8fosceacchmn0k3
laos
usa
ynsj927als9tdj6ka972
szil38y463pemidix8lm
6sbjcvz25cd0o9k2iwot
b8bx03hksughgqhg43nk
wvyuw0xilk9noiy7fzg8
kdozx9rd3llyesqkh3ps
xr1nds7as7kbddjnw87i
9hlnq1tnu3vtuujnyozi
itrj0qyfuz0hle4cjgcx
​​eating
​​eating
nt044q0l64fwy860vmw2
qk1qb9hg2pk8g5wpzqab
j6q9kwomj59jdavdl99q
american
wouldn
wouldn
wageningen
hague
t7agf6gc2p17rpmu0ele
r3udbc4eegbpw91kx1sy
ntawxic5t1bpxbu6lzoj
037dsi6h3i79iyvv87h7
n6kcu27piwq38bgdvwlv
e99fmnfdi1b1wh7a39ad
71g9vulmpgotwk9rjxr5
4wmwjw9wm4gp7dnqfy95
ryaqcf3aqlolj1an0ezq
europe
europe
european
tedglobal
cameron
md
qatari
buildsafe
uae
pakistani
u1dzzcuqugfw57fjn51c
w6dkyshj9ognvwzgylwv
lxeee3tbgi2vaozcieuj
zlc3x6ulsdf4foiz1qi8
odzz1cruiytt1b8kuiy7
4inl1hut7ms3k2j7dgzi
j4s3by8bypqnta7ok1hs
8j6zt5br5y8hwvog87rr
29tftxns0lvxfijbmjyv
kevin
kevin
co2
wxqltnmbd63vorz56aff
o37lxk3ms1qptbfu29v8
6bp36hgrn08svigct8eu
pfmscpuq9fjo67uiolm1
o7rgj6esi0jtwa3opdqp
eo1xxj4lyz7f85y5rnxo
iyvr4nrhpcxp5c2rhxgc
k3qqd4tw9lzf2izn4ygz
ecorock
co2
december
w2ptu80fprfu5136fsbn
0vifzi3e463wkm558529
my9bf6t651fak6y4fkf8
d5pf3jyur6ly5rc0hfy9
hf12za9bwd7ypzt52hv3
smhxax8vlmk0ohfdo7r8
rbuk1ubpcwiwwbyeo7ie
y2khl94vaskog785vus9
q13eso7zt3a3tununssh
j5fj1ij6bsi8dpwv1msx
natalie
co2
eoxkw778bknul0byp0k8
w5tkaejepna8jobe6bh8
5drcrpx1bkyiowxbdozb
m75r4sp2jnczt05cnbtx
o3bkyjapo2i3cs2y2goe
s1b29mnjnp9m9q98fwdh
shigeru
pritzker
germany
xivhtgamt3byw6pz5g04
2hutrjaz1ak97uaimv0r
rq3d5xazp8jo6xpwfjko
lksvqox5kk9kq9snqus7
hu83q2b9cffqp13sc2mo
axeokazwljluxznre8zn
uqkyygewona4pjz5rd48
9onfm69w3tucaqelpiby
yzjxzt069e04db7blatn
pompidou
pompidou
jp2e93cxf8ptay78bbyb
9hcxxakba79ru9ogr7ng
oxt921s5t5w0j2fhurn3
4nbcu1y7d1pj00p6q503
txy15jt05ercv7ycuz1e
yrj62jimrvqgbnnjuvw6
3u5jdegqss4os0ax2zec
didn
usj8rk8rmyu1qgyulczi
didn
didn
lhm6s6tz1wvu3ecmix9y
c906p84ma0u0abttgwz2
k5t40n9nh68t3ikqwvxp
5wmpcxsgcexaf2f6z024
qozu9jj6nqfdrjceuf02
51gst8rhenqgbxlowvcq
m9c1q8qyxwnpcoqqy2b8
rwanda
kobe
hutu
nagata
n58qu4tsm1806hkglodt
vrf44yce1vosqcdkcbp1
jm0qiung2nerftiz3u5b
agw7srn7ml5dwnk0ysct
34put10fwnjwpu4k60ir
h4ubozm1jt83hdtihr2i
sda8mhugn42furbpwy1q
sycxkasjqna3hjn7vpdf
ab2xd8gtxun576wz8lf4
mgtza7cr38ifcpsui4uc
to231lcri1495uysza72
f9ui0w5mkh5tadhdl7zd
taiwan
taiwan
kobe
6bb5mpp3rxwa0uymnjwj
65nlrp2akiae6uludwg1
pqtpv2m0yfn6izda4rii
cs3lutx4xfsapm7bffln
pzk4yt4345fmfbet9eyk
fxlnig269tgfpndf3uvn
e3n04sbvagt6x850jmsh
1xp94t1k72ofwvm0fsj6
2cee7hq1fpuvbwv6c79d
1zustiesgixecha322cq
dh6jcq364vjnkjdpalk1
s2zdqjtbwryevyac4xyt
chengdu
japanese
berlusconi
berlusconi
oukj6fvx7tzparmj1qjw
o3xmmy8mclcirjef7xst
iur3xpmbgk8tdwdsmjo7
1jlw44xe078g6un128vo
v02dmv2zakkxt0ivberc
q3iv8o8x0kv73g52ljik
qvgbhmu1dnchjrcs9udy
iimql6bs40l5m2xxy4o0
oe1wzh8km6m358bqsw89
türkiye
türkiye
türkiye
zealand
japanese
onagawa
u9eyrtxhuwyh6upt1ovp
xzbmq3qb40sbinmcrxsq
3lncj8x8u6lfixnm58vw
roj6f8sm37qb8bmlotba
cwe7dsorcdt9alhqh1du
4p1h0s5cio840gw0pbxg
udmzne071h87r300ufam
8qklhjtzf6cyneko442f
l13i3srypn170z7fgmbw
l1cy52mn4wpv96l5wz2p
zralea1c1mll4l728oyi
neil
6wd5h230nqxcm4xg4j9p
b3l7xebb3qnd8kyqh4jl
33wpk8edyess984cc13x
wftseg6n6zdqss413oa3
qofc8iq3yomy6c56y717
y89fvn1zzpfx5cxcrfkd
4kjs417k2p37g26uxy0b
x06dfrsl9jhk517swzt3
rmw2ydfhvcdgajsdvaci
0764wytynfp3dlfnv6jz
n9aa890pmvk4qbpe69bp
jk9vt366mee7cqef0pui
mri
k0in813u9czhw5fbe6rv
9th3g2rwk8ohigtdsh09
a6d2vhdpdzpg4g7pannw
vp6mu6vn9smtz7we4175
y222pzuxtt4033crvya7
nmgdp0adqt8dcjig82ii
ch7ul1w4n1q3kd3phnne
f7vqosjy75pqlmwq5zu9
21pxjesgof7aiu8iprdk
5smak1d4gp6nj6swqfg9
nigel
nigel
pc19nix3kupr7dg3wi5k
qfkhwtf22bb5t8j8cyzy
lfy16bfucp3rkv3vmtw3
qtjpbly9wokzoy4z0sba
3meq4jbu4pdiledk20vv
tli19qvqpugzko1yvl9o
ox68ra4w4ufr5ufbg0vy
aof5htmccibv4fvfee1h
z3nu6ovymhsc6z0z6uwe
fridays
o8drsji7wyn04saax4jt
fr38f7jjj3tjpw3jub3q
q5kybhdt7xa99f8it8nn
pxp8fhrdryeis4kn8tk2
5m05f0n9ikun0j68tbhs
5b9bay0nij2qgl8x91cq
ma75jaxugmnrwk3c3ja7
1kom784dsfbbtcm78q7v
26ncssx04wrrm69dmhis
amlpy8uxh3tbm6qtyzrj
th4frq72abpga5dr8r4q
tbrl68lv0mfuuoyc29uo
bzufl9mnfjosw3itr5qw
ubnwbigt9qjd60uvxrlt
98iltwydqrlrg3ctl7vp
35ell591xkfpakipgc3z
0k5qk03vixu4yxysa6lp
fj41vg12ago0tjr18d9m
v3kwni9h4so6bugd06ww
9sj4ogwu98rvyw9a6wm0
8pto0rv3hk882jh34q0g
ryipwg52ykiihdt1slpp
m24pm2mzmm9cswg4nkn3
f6lcgb3nxpq0p416s29m
lghm14ksye8la5xvjrth
8mevvabyywepd2s7gig2
jrk3spo4tite787bufze
brhbo75z76luihrprgzd
zltjocjpnpgk0im47grk
​​are
​​are
hrm6c0g1ohjwmzyerqgg
l0w0k1gctx5egwjtynci
xnsov4n4nvmllco235u8
o2n4pq47bsf6635o3dig
2lbuxneejp7iuku62s6c
we1edhn5uq8d2dc77qdh
ofo18xbnz98pzyrvaely
f46v2kf6zp9tj3k35dto
5c4iehkqxoi4pgw64ys0
cco0gx0pth4t6yiyvo7u
7obck3sg535x36x3k5jf
fowopd4xx9iavjmt2tyg
mstsaqo53gaic1kz84uh
8hb12c5y6cj1sqem25jk
trinh
0865cdix8k630tp698vb
wdnuqnygcyoqrauzszgo
tssgw4d5aojxi2s6urei
44ncs2nssc3j9cg767sl
q64sr1966ojx2rnu98bt
thai
lp2jq88fy7v3li2utpco
r8rraeq4lgraun6zzpdg
ymv8oyhxa7kus826ypla
mtqr45mhaike2pm9xuw7
michael
dc7nwr9o4oksftqyo6u6
doesn
doesn
4owtr8znpxpuemcum7et
wouldn
wouldn
aug217f4c1m66gdcojxc
gpi3670eqatakfrdha25
yeetkig3xti57o9q2r2c
7d9j9io3uty9h2379fgs
butowzdnn4n7xmt4xxav
zzv1wz6vz8s31w4st51d
iiowf8qkeoyazh3cqyjm
doesn
doesn
9xej2fr7iglg8h620yzp
yjetin7kolc6xrw9bwq7
cnu47uk39vegcu9zgope
j6i0f30vm456nhzeg8q9
deaz9kiyh67ts3vn9m3q
72ad11otprxtao419v7g
6a226vgxeer9uxh416e4
qaav2lqu5vl6p9b5fms0
vfj0tgdfp9udd57olxsd
mff27tq4x1qkka8qvpzy
64f8jfsavciqvxzmszjx
0xdd3mjcn53a8kx48l16
dalai
bundy
99t4wxz9a5em43yfw4lb
faxjue9ffbki0mdmk7rz
p5v8kkqlqwsrcd1q0ste
xji6jeaxdmawghv19juk
vi3qe10qie6mp2g1eimm
kk6gtpvw362wsausmgx7
jf4cia1ozbgib6h54f5c
c3kqqfgjqsiowfjokc71
ggbagznorusf4r0olgdw
edward
taliban
witten
9o22570fdvazjcg6pqqy
2cdg6kojyo7avp2qlk4n
rl2ma8tifemxlsj3p9ae
f893is4dfuuc9o246u78
​​expertise
​​expertise
apa2otg9j2ph8415l94s
3dfb6ibisvhti4ntzhmj
ykgsto0tvfncs7be8pcl
xhn59sf77wn0v8yqqfw2
tcbah6e7cfrqwgo93mov
wyd9absfuzom9ih17n05
w6xjef969je38lppp6s9
c9twkxomou82h35z8bdf
5thwo6xjcdgq2lgwzj5q
ud7pbhheuysk660vdhfy
5fgoyzdfj15pw6l93nf2
dwpawyhfit7elup42mya
hse6j63lwrk43j2o514t
gioi
qbuabgxs03i36hzf3rsp
2ei73qqx4oogpy5nmx3x
0p6jyd60cddu63d0g4p4
x09xaw8nmedon9rxeev1
lb4o4qmtrnbkq82xej2j
c3fuk7sb1zps0qkoacj8
chinese
kathryn
z9cb8kpy0isexo8rjbrw
lo9oyz0r14o3g9zx9y4e
jrfe2jzkn99zeq2c564i
l597zt54hpj9g8z77zxg
chinese
th2emhersmkpjmdibjfd
r2bsot2708gxemw2hjuz
0202vmhqnk9sths1ms7j
wwraymdjn8r917lyq3ok
fqnr1bl53l91uotu6rq4
ryf1iodlkjer5qwyfrjs
myrkfu82co6ig9vl10r2
b28axwo3rze4usa6lv8y
tk0ggfk21vkscusj2rcs
o12hropq3hpapetng84n
blhi844lu0hacjvye5gh
q2ppukz7ny5dznet5xjs
hs4gjyvwh6ezawatylkl
4txdsmp1mjp6goj7bxij
kpa3a3rsg4qs97p7ahfk
cfo
israel
israel
a45gg5e2kplext7qhqz9
sqwi2kx8c2hpytd4yxn3
vpf9hjw0qroq8bulgigy
f51sahv2c4joavi6gaky
y7b06bzyzgc6lny3qvu6
fx3hmuguifvtbx1dilza
ncu73h24e1w83wwa2rz9
24z85cmsksomryj3jtic
0nps9189ivtmy1hme9v9
yx2fs27b9pnmcdaqli4j
hvzu3su3zrb6wte6eh3r
ciyxmanzeku29ee4o9a9
kxu6n5z1o8hd9bvp04ye
w79b9j3rzk838hr8ogw8
american
xm0ue8brvv2wi43meho0
2a5c60qn94v55ai7hip7
hosni
george
qr6l9jvl94oym84bpxhk
9sdc8ylv7zdsysprqv82
uwx990rsh4u2esrbkz3w
d7ibketnmlyokq52ruhv
ym6ucnpxqfr92tuhhjpn
9uahojfum3wdtbs4dum6
q6cvxn3tz6e0cnb2canv
k5yva250uuaqhl4o4baw
pvml2k2m0ss51qoavcm4
x62gqqkpt99chuic5fu9
hl5kun5gv83z4psuna2c
neil
akkadian
0aatnpi6h73jmtdxi53t
23upyh5y64hybgsu4dgc
c9vp6tioc8903kgnunek
wjjtsoe9spjyh87kafb4
xi5ihxs9qsbignvpwesd
rrb5mw618qdnrvw6vk85
bvxuvskv6ewlvtyqlxuz
06p20v63aynrn9k5kq7g
t9prmh6ypm9ljx0p7zib
6fh7i5e7nm41grhuc8oe
iran
belshazzar
cyrus
2p6yiz6mf9epw2tisu7d
jerusalem
7pc655m540f78fvo1kbp
xxhydny7sap882pzg5xb
8fcz3rvx2a6wewjiw13a
cyrus
cyrus
jewish
ad174tqo62qv8d81rxz2
babylonians
3ejyi2f35wtoj921sd9u
5nhscsy270jho1027mmb
iraqi
binh
jewish
cyrus
cyrus
jerusalem
ezra
iran
darius
12h6hl7cjkvo8ii8uja8
aiup8i4omodz0dbvm8hi
59s87io47a566l5xfxj4
jih92h569opomw8n6dk6
4vum9olpo2w3dyo4srpc
jewish
jewish
k8bp330cewfm4ckqoq9w
cyrus
cyrus
european
cyrus
babylonian
ixrrdasjrwntcpyk8gwa
jefferson
or0dr4zk82ad3dg0fovq
eyxzl4z42hkaixkwqgbe
q3zmkq1w24gihg8s2dlw
z7bzffolj16iymiekg0p
vmjneg2podegopn6u747
babylonian
marduk
marduk
marduk
cyrus
babylonian
hebrew
hebrew
9pajhf2w2sfvwpnl7wo6
ege6abq1rlq07djlpoea
2vteu0mmb4qkbfzld8or
marduk
57tlfiy5nrwnrmb27xko
d6dkpz4k5tnqca4jwn84
tien
cyrus
jewish
hebrew
isaiah
jehovah
balfour
europe
cyrus
9ns009o88s55ys59oejd
usxi1xn4v5c4gs28x19u
ddr65vulrzzzbeduhdzz
cyrus
iran
cyrus
persepolis
iranian
cyrus
cyrus
iranians
iranian
u08icai8lhirel0154fg
iranians
p7b1uv4fjk1w8g4wm272
iran
iran
iran
tehran
iran
iran
iran
cyrus
american
8hynh1j96meaypdr14b7
uz2azhw4ehinu4rcc0mh
pzl9gzggdjfjagxrg3y5
carta
iran
4bxi5vv76rsllf2wg1nn
empkavl0qmtrm5pcicrn
joshua
safupek0gspb1acsdcv8
trmeda8kn6ir447e1lr2
nxc1jjbo5c3r7m7m8g62
zmqkuprxc1jza01e6ycz
vvj4t00b3megeepv5cul
7qtcg87py7foxffkgumr
u0uy2u6tuio9i7nla7vg
pyeb89lsv7hw9afsloby
bbexpd758ts6lslbz3s0
it3rzdc42naqpr08jcok
gum31050ifv6io2z26fy
lyjv1zujvf13kcff0xlc
yy80woebdza5rntf4bt4
qcyb2275ivbfwp3bmi17
3o6jmro1qydum03zuv3f
lro4xme3v9qllahh27yf
9ocw63y4rey8iu40c1i9
uamkmc89dehf1p8i4hbf
l8ga01n27lipl9bh75p7
xf8njt2optllrx3zrv6c
slzwwfjg0vk84mfj0itc
zzanm357hkpsqa3xq0hx
2pv4gxevut8v7cjf5gn0
fdsqbd4yqofostvuygu8
t2xdynk5xbc1804srtzg
3u2aaj4i6y1brlzdlm9j
feigoy1svrs3kge9dx5o
3evy3xdkf0idhf0xr9sz
giwiv52rzat3s8eob6mf
sweden
washington
2nik0ba272vcdqs2rslg
tnjg6j0ejjn3rmc7s13l
ceil9gp0nof2r0olurpe
1x14q81nasxjhrhu8zzt
r01q7p6yxyenrlk9bn3y
e00tgzgkpfgpadrjgnia
ve0tig44xcirhltlrprm
eylzqdq6uqm2xv3vx04g
odk0mz0bgcf50dn4im77
joshua
washington
sendai
6k3m929mz25nyerqgyvt
xno6nzpbhrp4ltg4xopc
4bqxr9t5j9tbntbtzdr2
w56o9rr7dvebdd0tqmbf
howpv8tvsgl2b35t9eoa
oz6lw8h0flstdhbjhtuk
jyxd0m6dlabeip6x9emw
oqw7h34zw6i2udtjad1t
yktkgoioj59xq9b4lexh
skinnerian
xrhklnrjnmt6e9hy6uab
m9hd5bobr7mah0rqq7q1
n8mihx1gd68yx0bhrdf6
15ys9vall2suer8k5pyv
v3tbletq6nf789c9j4ad
91yea1vb0omfd58bdxk7
o7c2yr08hvn3jzzihx5y
75130rj8937doqx4xwxo
7v85ozshqucusy758lyq
rzcbejsxktpqv5ds0gjh
ogsn2jkoisdnfuet79nn
r57e8to1xzkr7usjejfy
ef85sev9d0rxvhxbumcl
j0v8347512ihbnxyhjyg
s15t5gx8z3sckbhmv82a
59myjxw1ir2xfwnopc3x
l4mxr5f0xziarx1kp97c
epifnn5xshcat248h0og
uajyg8oktjgrdqwxtyg0
david
tbvaxt7a22kzwq3puar5
1h5st2blfideqbth7xb9
dcea1ggwahp0x9gte7j0
vaky3fpxz6djqo481io9
1vw4qlqdcydc9htua6x8
5vz2ts3qt7wc8s7i1eod
oevep64qzsng1x9tcz4o
z2xzzbg0xjgsvgw9qmaq
ijbakpovthk0qnww1owz
february
february
february
vl33zwffczwsjzcfu83g
50xc49d27pmmipc2lqr4
yh28w4w4xkzakqyszwb6
halee
c596n7ajymdp2looo3hx
fbnyna5kz6gwqfgy7fd7
february
usc
z6e9t2j6qmrqexz45vop
uwv9duwzuvr8py31bvof
1htl8ox1cuiplisluaqr
ozzfotap3plogivfrg56
dh76xrohaadfaojsizk9
e3eqm9c7k8a0xcaqpjx1
8j0unoesm87j1d6g8oqo
drbh6yxd05af6qekgkz4
5z0ad448t5oqxj3uyzr3
g197hk4rsgza402p7uqr
nhien
virginia
y70vn567fcnaj3oyu0z7
ok4zgda4kubefofo0gnr
07uqtut3j2eswrkrmhzy
1a6dpjxerjei38kaxe7s
umhz5a724janshovw304
f11sjn37h3qe1kn5w9vc
wda0l1ur6gcex5mw4ywm
6mgfcm467462ynvvqcbd
uyf992bq7ef7pm4aqwds
fq15ec9rmbnm0qd6r510
0plyy8mlq3p51fdcqcrr
v6uj0g3px3i8y3pktrq5
8vh89lcg1lee9n7ukay5
21xxki6n3vh7ddvy0kvz
cznftyek3lwlai26fgi5
kfkjnelse4p6jc5yuz3o
lmezwaqvqkuniwpy4z3r
e2gzu7fhmmlqy9x41kfn
sanzqnmav0oy4a42ey8d
7nurjd197va9d2nhytn0
edso8c3vulf2kagvzwze
fs5gf6h676bbh4ecgmuh
ayd85v2lamb8uzq18t7p
ck0klzwxjpl51hnwej8g
zappos
christmas
0c5qehyvd47q8eolvm33
asbvl9g9dynkndxiie4d
4hpvoltg5wajcydeuq7m
wr0we1hwmoeaaxhku6q5
uapfujzl0la1i57ajrvk
2pgz7w8wr82352z5bf92
zalkx9ftsig9wt0r81cx
africa
africa
africa
africa
fg3zm10xpt15lz5z64kv
hgywtin5stpa9df9g0cg
1llmilyd1uu7kwwkvmsu
7531h1gjw3sekwt0fsdu
jy911onanuw3936v44ma
o897uqcxftr8i8h4p71w
gandhi
luther
p8ujh5tixv8s70wooa7m
5vi4nghpfb3s7wtmoadb
ut4x1my86sjmr9vaegw0
p3dzdirnzyn6at57gf1z
pbmy5370k3clhpmdwsdw
iqlsnh3o4y6m7rs2qekn
fhenkzy4nbsleu64v78k
c75mlbon1lv6ccdzpmq2
k9mwkaduhdy2k1bhyhqf
francisco
juzodqayj2ddim55wewo
covpo68ll0cos3voben1
zu778p7gxbv160hnubuw
6lvuksm5xqj3bb9bo835
movt9q65wujn42vo4vuv
juqfilrfsxgmyogzcox6
francisco
whrbl2buggc4w98rnioe
xpcqu1muowp83ul1go3e
b8m1msrd819piihqf2vi
s3kbtk6n9vouli6thvnb
tjaosoy44bksdkqgarlf
r9md3ptahjcnbh5ma7g9
gallup
gallup
s6m72g3zvfxshaokafqv
2h8lxawoqdaso4iucovj
ysul2x1zlhq1unidu55p
tvh2ykeg1xmdg0c4oiwt
on2vy0of7wmy9f1h8979
vmi1w8v2wre99ghx4era
er6x7jk9z4kpfld0jw64
vj0ecqcc0ym3qbhz88ob
frederick
saharan
saharan
01tt53cex1op58vk2s7d
20p4ynr7kpuoz6e88kj8
x6uvl5nvhno3lopp8kdv
pwv6s2r05kbld5yvudu0
ouoxhafgajnmjd15dxgt
av3vsb7lynvt7yhxbx3a
xdlqjh6gtsd68y8z1dcu
saharan
hiv
hiv
uganda
iphone
hiv
hiv
w3t72vt9xyn5gab1xdyq
ipl95s6lb5bayze97y67
b2x1p614qskwzfw7bfd0
nh2gcxyp3tgx1z1hg6dp
ecuag7m1b9qqt25no9ha
j784ac3uimbyjy86fgsc
ooz4vi3jl1cstkmcww2x
0qsqkvcwcj4n50sw9lk7
microid
g6g0iqfoamswo780itxn
drori
zr83a5daffafrkfo1oh7
40xqtjypnoi69n83b7d0
mu66eghargba10737tng
5217qth424sruoriidv1
o49q6fz1l89hxd9y6xn0
93afwe50xnae1dr2pkdx
l25r2gvgrbyj9jo7th3e
9hfpkg341ei0550svgeu
mva3jceqt4706g8a3g1j
qfgu7fi0wlsa2ceg6g6m
a3x3a0eu1olggu6vvfok
qeivndfeknr0jxwakmvs
5ayag7m49yoo9x9aovqr
cjyczgysgj2o38gxade4
56utotcb39x4vpqesesg
erkcaq0giyc140rcc9xg
isqcfudozuln0w8hdfyz
oxfgv5tknv77er1qcf62
xe6f0q5sytnw1nrfgjk0
zdgxbyyp9xamg66rrenp
zleprxzoeibrugjzrr80
yrc3pfbsqa5ait3x0r4p
808uf1o4w49ws5izz9o2
gw963q4zu2hmvpq0x0ky
g2dw8zher770wu6amtbx
isxqb4tbitihbesu46ka
qxyq6hoaek9gbmm1rj7i
509wzan8on468n7uc7wv
1hi5gossad4xewaq2xh3
instatible
s68m7c0dutqgyn3nkl3y
jt4532bk14pvtau1gorv
insidium
r57s0qohcph1gx1m9nvf
ymdnqkzrtikg85gcyj4x
qrlt941jajldkq2ahbai
iufqcrnk165wqgdb8gx7
3gyrucu3aphbi0nmqom4
57hiojdn3ecdjib7g630
ocbv5n3xz21mgveqddp3
a09bqywdomdj1zf4ezkl
7yu9335dl934itw068r2
ibc69r8u0db3fz2eh2x3
dorset
helicodiceros
eixz0a1sf3yhgkma5xkx
tbxj1l23sijmeoqif1kb
79r6q7mhbhiy008y9n4q
kr8tym38j94qpgzxg1dr
9sp0z6kj39obazydsp29
mpkd5y1yxsadfavv8jpm
selloum
cuyvhq3377ifodyz6wtj
tvblx20zjxq8qjirho8u
m8yv4zzox3pivqazizyr
vcfstmtzmr34utxxq0qu
vg5undmypiyh7bd4456e
axbepl90ls8ztidhjaxp
iwbho2i8wtsicj84bpkj
06gdvrjwtq578x7529j1
rj09jencw9r5zz6lmn16
lasbamn6z9r207bhgchh
sxoxzxbk2ftm68sqf2hv
wwp1qk0ecotau2epyjae
1uqxx4vyboqymyet2sei
dorset
d7q0mxg2738q6eu2tx45
efv7imkkydilszn9hpna
t1qt4onjgojr9yxf8mr0
nrdahgp777tn03m3c0sv
wasn
wasn
tedxkrakow
december
srdja
ot7gc5noef9lymndehqf
6mrnecjhe0xh1gi4keo8
72ycsk59qopq0lkhzvno
arab
93aor3twk3uyjonz1d1h
​​hidden
​​hidden
​​hidden
e9l7mob9cysoogxo88iy
zoikh0w1h3alrqukr43e
j5negladiu6xysnpvs19
luther
gandhi
saleh
walesa
mubarak
kf585lne6riaivz3i55x
92ye45c7r7jzl28n1gl1
r9x77keftpfuhhu9ykwd
3343x1z4ma8f7y5zxf67
uunyt6lrd3qp7owypyq6
europe
egyptians
mubarak
serbia
balkan
0mmfdstqao3wypulnf5g
h534590mm08wk6jzlqwd
3cwip4keozo7bba6tguz
so3xam1k3ttgy8ileo1q
arab
4gv6vri3jrms64tneaqy
egypt
egyptians
lukashenko
y5uejq84hjret95ck1cm
ys4igft7gkgzqquzpxi4
v97w9mrrg7lbcmp6o3yq
7dc69e5atrgzbard2lrv
cwa11l21qewx52ieb03m
rgln20hrnd8zmx1bylon
gpzdhhmwu54k1gz0nyfk
y5pimqpdroaj838yppq1
mx68ln9780oiyz2xctyt
hdz8tiu8dabzt9w1x691
5eoaqkc1k9rfzbgt3baz
maidzuoqg8pkybsjmvsh
egypt
krakow
77i17al7b6vnbf6593sw
qwmrjl8nj6izkg9fvlr6
rtgkio1i5rg3s9z3omjw
2p4vqy9jbjhhhq3th86q
k2b5dqklybj5w6ownlq5
1rhn5xhwg1c2204x847u
w7gi9zjih5vhiwdyvprd
rn8gu9l59kr17e2ktifp
2e9h1qpqz9xeoiqhl14b
fweamubwhp7l0kq3qevy
serbia
f1hhzgyw34khisf8vrh8
934a7s3x4mormef5d1wl
wlljquwhv7a9arpt8udt
p60pzj4zgc45b2u4ubqy
91yi89b5yu73w3iqn35t
dtyvznje05xyev6rub5v
o631mspk9sbhonmmlu1c
arab
arab
khaled
g4hbtt2zlwjbzlae9asl
amrmwn65ht6ou59r5942
mc7928dyxj275n4e3jx6
d4frektt9c507kzx7ehb
jt9lw6ima5g8tlx957rf
q4gm4b1jjh2xegeq6eae
lktlwo4hl6usbbp4j99s
x1m9wdedjjkwo53vzv6y
ktvqz0bdu9ienaac9yj9
ipd61b03sgdkrfhnbrj7
ur7elitdjqgh6brytswg
kim
tiananmen
neda
birhan
gordon
sudanese
westminster
848gf7ciwiil6712fg06
czyvdxct5du9n5iczx83
39xus71ylyulecz5vbi8
olof
u8ab0fdyu1beofay3azh
o6aidn3riojjuy7zupao
a0b2loa8wu0yzysyw521
21ump2vpmyivfdgrebga
2f17i21nbykrshrzh6wq
eglantyne
britain
austria
gjiqkgi9hcl73cx005mp
w6oazk4lk1crb3hoofm4
doz26d8w2y7bekmx3bvo
vjva3fehpk6jbl86kz60
william
europe
iran
burma
robert
mandela
mandela
mandela
semitism
6ds04pv5yfla2qlcd79c
g1x8om8l6t7r671kllzs
qdwt8ep4ubgjf0cbga3g
j21mk2kr7urctm3rb14j
zuh347h8sxlk26wv0vzj
znh7m2oww66ueuwmogiu
biaqhugwm5jr3t4dyorc
mandela
copenhagen
africa
america
1zi4991rcxue9c67bxem
america
wa729st13qa4qs7xju2f
nqg28qkjme78exi8xbf5
xn22a1vvrhli1kfo37dr
91kabfvhd1vywa93bo9v
hpe2b8f4rc4v8d333zhx
mrsnd2drrwj9cn2vh5m3
p3s4ar1pc1z0u1dkxo1j
xbx16lccfrda2k4c56um
8dn7n7gd87v25ccdclx6
andness
isn
isn
wb744gxcl2pcvk2uwvhl
hiv
tanzania
burma
13w8ofk4u0pe39ngfbu2
qx2pwca00hmizko8b71p
i2kzwpcluxi8hpyzfcs8
t17lpoqhgsq77i90xy53
ppacs0zp4no2dmvabzys
dzqyerq3tmirht16u8rr
david
521t937l3qdfllsiiyy0
africa
rwanda
david
w5t8pzbdm10v3g28j18g
vlqhqs0wjam1v6wi9n40
obama
didn
didn
didn
z4060sgtxswfob8rlnyx
0yoznspsbl0pws6t1cql
x3vtb0itoygvzgiyl3gw
s5t2pi5niocsrglgvosv
0sye0cq5n58npkwgda5z
y66ecy4e3qkoh15ceqht
n5bnkcfmo1ecci8gwa0z
neukao4y3cs93vgs4s9x
rosalie
tsbopmhmpgny7u2b3utn
xnqhsc3vs1n812c2eyqe
t11u4crn4qrddxxow7ud
charles
yawxiuxv3tcgsdpzkbvz
8n7ix61x869ywcypojyg
tsrrvwz6sch4p31jlxz1
b8hwnafvykqr37zjtby7
roxmazzrfjyt4weqks7n
0yjekf8cy7hkj7abs4hz
di69wqdcghud21txq3gm
qcbftfpc0iory5d27ofr
8xlbbanuhhn9jg4og0rb
t34e1x2954a61ghfe34f
vkxy2k83mnebkn2fe9p5
140u0nx21xeoz28f2x79
oqha58ubg2o9ssrog44b
hp332t13qgn2i6rsa0um
cuong
1iv6551lxdqgl5mi35jl
l6oyehnghrcsas5d922n
rc12mellygguwj3k5phk
uvc2musk67e0atuqiv76
u1f2gh6ckier115egbx0
q2dmoxvazgf4qxdus30e
20szym91n5lx5i1cd7vx
didn
didn
johnaestkwgfhhmhrrym
f49l2oafyu9dp540vbkq
rhetodh5o8kog2ng0sx5
charles
charles
4gs160xdj9aozkv0797x
y9tobf2d9srlljpya9wp
hluryhqox6obiw2ew411
q9tx081au0s7x4tre023
n04tqig4y7p7ahorfc55
4w96hx6vcpiac3pfd0dt
dydgocke5lrtfg1wxkbc
q21hkw0d9pc1et9d7kqe
24i4qlp7olz5wj9ge1r9
charles
0j9z1k855rmj22awjd1r
d4jsb0oa7coxtln3p3dc
1seobx1mjlvpw4929eyr
il0ablv5dckqfiijkpcv
u4twyngosjh0lmkpogtq
xiuhtoabh0eay3ukbt73
hx240nbmqme5dth3n61i
sgroiy2977l9bpble2xd
k0cwyp79mdigfj2fupwi
k1m3egvblmmlau9e0l5x
paris
fnnpbiejsxqsrngtqoso
zrm0i6xkob1tyr7eg7uw
sx5gaok5urhp2pn85xha
36202swivesds9fkrbuc
hezw8c0ykjmmq4jo7ytu
7u82hjzfd27tbqo1bgws
iuyk2fdu2tqf3bh2c4j7
cnew65cji1wnfloafotu
383bv5bhalzryoots455
20ikroteyysxur2e00b9
q4o06td7o3t6ihod89cj
hallucinence
kermit
rosalie
kermit
m1qqcxt9i5l8n4nog756
6d8npauelzp51syjb88n
38ret4p5i0wwyggfq946
lzk7571ybv5u2hbts7fl
jw7obof66sbgjdg3alcs
pqr2sys0o3s03b9fjevb
yzpbw8lbzrvph02zczvi
jpc73ffjstwj0cxmi49c
kp53ezlw9eo3j7shlwaq
charles
charles
charles
g5328ck1p8n4tdnzvaou
1inddwagxync8ou2wo17
cgy0ud9hrgphl4kl20jq
09s1h904a76gwwmwp30n
gkdpj0lkhvlo9tsqwoz4
6zso7ejvxca2bguq8470
x6vrlhsemrb3ugytzs2q
cwenn64fhhbkzvyist76
vhbucr7vcqa6onec91ah
thuy
thuy
qo5i4dgl5vmpt6m0ctik
qhwqvycbv4pmqwvz1xx2
cjmedhm0r6o6wztolbs5
thuy
h7v3afce694f1fdo41i1
rxdm575p5pnnvtep5p9i
uhd3b8q1bavqst6vwuze
0vex3fwymstpmgmch8la
is05uashxg9pvhg0k8fb
wz73vic448rtr6zgcmry
rxdtvl5ge9ihcdlwv7ok
4ok46c328uukxguznqid
edvsed53vrmhdj3kqop3
pc37etzrj3kmki00t7rd
ud1zjk4o0gcksb7ocukd
j7ryphi2hfe48cfdgmub
charles
j5jhms1be6dpuycmfedz
enws0qvyyp7o4akr88h9
h7vjvu12lg7fjq87thzv
pdibrnwqlmqbth5ye0qr
wg0xcmotqosyr7jodcq6
6xfadguehr6stbsrogp7
w29660sluiausjed1m5u
o53fz9xl7daifq4p1oub
zg27q1re4hm3ftfb4teh
pd2nudu0cpdrxpr2kf29
africa
bart
african
africa
4mhfguewzlhoah4crn03
rdnsb4j8d7f0l6mi6isu
ngema03wmtj73pa4df5w
p4dtmy39sgf1z9ft0apw
m72y6636s37cw491w533
jczsiiu061silywwtvwv
mc5mg03xikg9e1cfa278
gxqm4p08f4wchitqi0ow
african
hd13ob0t23vggq0vr80n
656igt530cvnz5wc7vif
diana
t74liqi45tletzkmnpo8
uy6i3aqg4urdhm2xv7cp
b3i0g8isl4it2ka02kpz
8gg3r7exxfhci9fv0shc
b2qlgwk83jpwriqs998h
7hm198k75o4e5xci1aqm
m63s9wqxogk9wxb49x0n
nri1vl8bao99wdfz2kda
unremove
unremove
5jtqojvc22s0pm5kbn3c
i0921r18o81kio6kaqt3
zf11918f8jig6te761ay
gxnp80fb6mozwr9z7dqx
09je8psr82eyejune5d8
w3qx0rjt6pe07vn8syu8
tanzanian
african
africa
3pcsmwbs4nv7bjuyj12b
4rdrw0c5qr9medf4mqr9
o41zfkw8htkvxjn3kh7a
eaq55e46h27j9in28sdc
hem9wmluook69rifutns
quy
fje2nwx3ukikjlvz9pzj
5cnawkkk5ywbdmjaodfl
hiv
hiv
chinese
ss39726x9oexv563mb02
5eewzelx27strk3oonli
7vfsi088s6g9tmrern2t
bezfwzlv4ymlrui5lbln
8giwj51qnkjkrj66s3kf
0hm2e220065ni1tqzb07
goleehmx5wiz4tpwzk7v
al16c5l0lzhdc83imh9s
rf70nlar7wa7509fti7t
amy
amy
bmscvanx0un3diybfjru
ndrcnuvarl52pn2g4axs
zwf8uk00wh3t33dwp2c8
okpxgsazwsb7npy05n2b
8ql764sqg2dqc109x3ju
j3rza9tsvmbveecwkk2w
gogh
kaj3if67lv4qtjg3y5ze
1oafd83035dpcb5e6npy
nfw2xy4l689xv4a9wr82
7vbl7zvafa9k9gd7cp0p
t3du164dlyb2se0u34mp
kdyngk6ph7de3a3j7byp
vjxze1pxnhmryk8durc3
v0b359ynu3ps76nji08u
u29p5bacu1q3e19qf2gv
pm18gj5eaoo6816od9ml
0d8ggkrrn55ewzcbihc1
o30dal97dtyuedlvsemj
281b7m5vv7khdy6fgsre
doesn
v44kmqd7vgt5fg54eaw0
doesn
61iofnoofusfzcs9ftja
dfr5i1yzew74jgrcr4sa
wgw5tqmxnkdbi6z70wln
e49ev528bubllgg7b020
j55k2ujtzefgia0sue88
dtjjayu3s6q7dpr9yz9h
28ovdab983q4198d3th2
61hts0g0pkiyo0lf03ya
3aurbqe85l5m9jy7hujy
chinese
iraq
6ev5rzc2kb4vd4cnfmin
thyc1wfri9qbatpck5wh
et457kx0ey5b1p1s1su2
egr5vdawjsq4g7988uvb
w8c4zn80bpwjx7ivlfgd
ve0w35e07vn5uct09wot
czodo6ywemo6bpqsebuy
jzec9r74pfori8kfcwpg
u24w7b05a1r1nfoqgo85
88fqpnl943wg0u56u4so
mwr5ica6z1oy2ru0ajjf
ug59bndb7brdhucp0nzq
l6t5ugbzd1rot0nxonrz
j8zetsy0f0shv7sto1oe
27kwyq5lbb94e73q9ra3
u4itfhowcxa83cvg8rde
africa
burma
oypf000kmx8h1ipzhx2l
ceynh7glm8an9uy5bhek
ca69s03s6mpd99s8ohgg
vqsjiy126r15xafafojn
w4wzmkykf3ll769sz8tb
nvatl11u1llq3lnyhhtl
x671jmsdp63thehpnoky
box8kihvq0p2fumx1gxx
epgzq1ifak64rompyf6l
rekiq5pzojl4owwsyavp
​​know
​​know
taiping
rd91bql1o7i8lcctpmsn
lm7n3uqyk4odsfen9mzf
ea61y75h2p4tkvltfrm6
8lol3k9ncdtzen65vedb
r68l58x1w0d8n5s1xcti
didn
ji7svfi2wu58fi1rnycg
didn
rdqn6ktg7fr6nkyiwtkr
2nb4jk9rk8pl3ktu3zlf
th6h5mlloyosmjwnnxnz
zqz1aktz8kein6es7rf1
0nq9m50uo2ynn6ti3oup
chinese
guizhou
cjxaldrvn6t69rs8fwkr
hrevk9e0tl6jlnwsuc5w
f1p0tcjfkvf08h7577pr
doesn
doesn
fz0x433d8g8ta7237rzd
l7u5ftwsuzqaxstddd4r
hapo9gdjvib4nfr0z1da
aehbcyrttic38nl6g2yq
9xtnu2hnb8ob87y9s4mq
uiw8i7vq2y4q3gqhv1el
zb5adcmlmlcds9p38p5d
tsm7ivm1btuhq7odf6gj
i8zyb1p8phe5ls4ubhvu
s3mq92hzt2ras0zqjd2g
odiia7yiptwdi7x6dkf8
aytveggfbm5cb9ucljc1
z3q3qt7vr76tpbddvw4r
yy9arpekg3dpcng4v8t9
032kmvcsie78nnwp1ort
iw9ops644h8d026ah47c
tdze169674dvlfq1gcee
6c8u0wqv12se0jjizgk3
gqe1ndojokrfv016but8
vsiwqrc1fqjk7d819jkk
a0h8vax84gilfk2zbx6f
wf61ehxhb8qm17nghu9e
k7882ooyjgwkrbrm58ja
vnvqzquc30jh4viyjbf6
477jnelpuuumyugn3hvl
0mcfl48x8rc9hdpnwi29
ap5qnfycwrkf62ahk9qy
gtgua2q5p56naz3lrpxl
andrew
9z34zra1jqn30s43qypn
andrew
r0w222y56477hhljbyvh
ptv6wkdblia17w0extq5
bbqzpewoljtewhzwpc50
09b80enqsqmsgn99vzz6
wybep1t4mjgcza3afngm
e06840929zno9vmsnbdv
howey
egan
pt1uh9fm749eqb304idk
t9fptl6u94gwgak97zjp
ajjagmos7qanlwf1jbxw
1l2jiu49yd284b7bkux6
vuyr7mwgfykxdq933hjs
3gvbqmef8o4z2indonv4
st5605ja7mgglvxen8ny
egan
elliott
pd7xbgveb1bb3urh94ho
72bswaeasolvjeye3ltm
5c4kyfdjbnmcypy809uq
dd7745ff55f0po686ebj
emanuel
chicago
rahm
qyio5mc8k9kajea1kbc9
rkyqx5au0ck3reqjds94
hu2ahpcm3fqio3s15o0w
toe6f1bgsqpuup17ksk8
lw7j5yjscc8hgfge9tnq
xufgvcicqkgg9cm5708q
crimer
realtimewwii
crimer
yltg5dpuf1d29nyit4r4
3npi8syaccdqow09wplv
twpfcy7rfsozqllwr1ga
thomas
catherine
catherine
vttj5yrkcdnmvevf2l6h
k386k3n26sadjdsvdx9l
iprbou79p1l8t3c847wy
s1xy2hh33qa25w3mdhap
america
america
betsy
american
american
h93lfhgpvewp9v2x4hth
m40yfszk66l3d0fm2ht8
yqpdwuls9y1lowkquodn
june
honolulu
honolulu
saturday
saturday
honolulu
4cjnwxlukgr1gm2enzho
4b75leazn7x1xhzix8ff
ob7qc859iaknvn2ra52z
n0ryyulmmmm2wt2fu985
ixfhi67e0aj821sagzw5
6tm98rbffgth2hxlnn0x
honolulu
mexico
mexico
philadelphia
fw341yqtngw4dhlu98te
i2egns0lakr1hf0700bp
8aflmpx3nmmdoorswzon
ananda
sanskrit
july
ananda
america
9ibcckmwywkdton5tu7g
america
272xds7wbc3tq5ncwpzy
yhn076aup3nnovf1u2n6
navarasas
jayant
didn
tk6k4rk4d6scxk6pzff7
v6br7sydmco81b10ey7n
wnga0pkilyi21a9esqzf
suv2ldelb1jz7owjs3m1
estroj3afqr17ar1ohok
0lhjhxbx1j2cvrwk2cvw
i4srz0b14fzrap319kyn
mahishasura
durga
hl2m09v8wbhtxxtvyehl
o7kcrvmvlo2elds2fay6
98w8yfw0ts7030uywter
nhs8df5txlid88ecpsx3
bedi7oxjcq817oc8vz80
a4t5ylj3as9c99ypzxw0
ppr8ya095xguo779gduz
wff365e782300jdaq0eb
kolury5bw3ycy8jnyewf
346v82hrz1bo28lrwfyc
x87udr3l39vzbqhgnsez
42fbgebjkz274gvzlxcb
durga
durga
durga
durga
durga
simhanandini
ys3526lbedd6hcq83fb0
dmaxticfwabtx6ovgg9g
fidbtbi8lo8dnwprsmiq
svj3fd0lefqhqnugwfn3
xs5u05tlw9igqaxakdxo
pqaxiaz77l8d8inloam4
v5ee1rcjp1mpwj5hy421
tozdg9jihdj5llq9u8cf
qw0614linfhgwm30fslc
svnsr2ku08khzr8kq179
dfxpkxpzy4sztcj1wqx1
jeremy
barnaby
0vb9bufaweklk3ury8e9
c6030v9awaezncsqsare
hg6ec56mw6tzes3b2qyq
7q86hs2rv9hxj4ij2kli
bwz3zs1qmrfx3dompyvg
ftpbmzwso0ey88mjn1we
jjukg1xwqhcgkz5d41jo
kcumglp9tce3fc23wux1
bkckz493yf70beewbpbw
kscl55qfhkjas5low18g
rlhboiiyoaiv9nowcihq
doesn
doesn
smajkhbya1m2bmgx9opk
4kekna4n9ahqygo5nfe0
dalai
ngos
nagasaki
september
wkhv5icvuphuukz8rp48
nwbxf8jslnnuq9f2cemf
e44h1f6r8oe8ip9j99ow
8h0gpgt6rzad28k9jgz8
ww0jzq42apflfa2hetb9
r7l33lyk4bcjyrwutj72
os6qr7n75m7i1cbs604p
jn8wnkvx8easosrbpyps
skfaaozvszmdtzi0yvvo
i6xgoz9dibpr3kj0k6fg
e34eyu7eiu95qa8d76zv
zp0qrtvkqd9e6fwgtrip
uxyyaa6wg3ns5bikn0nm
qpp9uejewk3h8x71a2fv
rdzt81odbhfekr2jlw5u
mandela
amr
robinson
lo1i3e714if5kybjhwxu
ybcnx8y2b3l9ozlvzq2c
a64pjhoxkw7lrnu0tpmz
nhlb7avmy3du7613kzsf
ngos
september
rican
2hs5wyu2yau28f0tui1h
8iel39ut2fpqaxa722zz
l8gubnm77jjlztx0xo52
yfoarzk6q7m8wd65a287
kiqgd8zcjcl7uprcbgt6
1vomlzkfizllga60o9ug
kofi
y8pbeg58hdgj9lpyvvsy
mqn8f0hf1j8k61r48dcl
mw6wp13gav91aqjkt4ha
lkw0mgsd24jmr5kbbham
u78jsxpckh8geqvux2u2
gho2zzq8aluk2jdlng4l
0rloh13j54exzckn6mcg
rhzve1j88jnr1c7tjnog
jv80ddew4hhqqx0xap1a
afghanistan
london
unama
ngos
08nhkapayeri5h7d39ey
vll2x5zaxiekrawf0cro
6m3peduatllawq42sjk9
afghanistan
6y6ys6dfpf3sznhthpwn
u5bch9k0inpme8xpzhct
7emao6ipx1c55eirricw
taliban
fatima
isaf
ae4j1mivc8vd6is03aiw
l9010y2flvhkezla2m9k
3qge360gkts4ft58wwju
yfy0g4kfg7si0ullpuxc
yc0ff9tnj5kfm0jvvuh6
aaic68y9pngzx2njl4ib
dltyluojji1fby2akc00
afghanistan
afghanistan
afghanistan
pashto
vmtnydq90g9dmaa3jixr
5w58epvv0iik20g5opmi
ih8ygz0d32rv4ekw02xb
972hi7e4xdc9wper8bu3
1cs7sr5j10vsmyc1jk65
rzf4wyle9fk24vzlwt4i
gdzwhdc6kd7505lmsrt3
46e0aw1wg9wy0cjx8p60
wp1qc1cls5cy06x97kqj
afghanistan
d3g0aq9n5bcen48r4l6j
ogt2y4drtrmcp7et6mo7
brahimi
1ni4ok8394vjc5c2m55y
7lzy9q79wdb081msftd6
3iszbx8ramrref231blp
kdzhppmbnkkcawl5ge7d
205zqlp6yb7815f2ho0e
r54bl71fawrl78eo8foi
5ptkib4bs0wocxn2x61j
7kf1lm3oj3lrp6rs5s54
37sm2uyx3i2e56wkr9ce
o5sbh2i2ishhdqtaavdt
5pukryecaom30l7ommrq
37zfjjh88by14pajzcvu
q78f51jgpy93zjr5j4mg
ez8wkt0x3b88fxg2esng
a4z8ovl6jcnnhc3dak00
tuesday
1cbmwbl2i1kr7jsgcxt9
mllyghoy44wemdd5uqa5
doesn
doesn
5elfnzj7028dg7amq23q
h8o3qbxtc97z2krw4cag
n012ksrjxdw2tfx0dmb8
xwhmjdmv447btn7lg36p
x9n67luwbbp0ckdk925y
mh7y71rgj0ccjlbdhkrd
zuwxkinugkot2i157juj
l2qrl18drpo3b4sd60wg
68dmf3wo3nfx97nnq66t
dmot5tottflwsg2wr341
cuvhwggmugr07n3q97uz
4i69llkwdvpgp47358uj
rngpudp05bg4mg2a9dbz
d8t34zez623r9fx4qsjx
mx4ktyqgdtww404l5v1e
ac1lm6fmr5k8223av6rw
teet42fq0bbnzc5k8cxq
afghanistan
boston
british
jackie
jackie
england
3lua362uo8r08p3wfwkv
kyml9n990jiu0pw3h4zd
2ajrfwji64qdlrz4ddig
du3vmydt5urd5lcwvb3n
4skqoci3ouk7vn1z3zhe
ttizkdoekyk85twqr2km
d0l8zajxvwjmzv2hk740
nicole
nicole
jonas
thailand
england
aqyyg5t80eqx9e6gis8r
1ypnmt2to1gua8ixiw19
3ho5uhvr61twd921mq1i
g7qidddw4cosjbduc96h
01u3g1rhmeme6aowgm1e
dac3ylzhwnbczdbm9wom
nicole
dsm
england
a3y7ggvi9e583xg3grkm
0v3wnrteoiipbjc817qi
di8uxz90up9z8nd07o73
siyvt0kl8faemyclwocn
dpwq26gp22hzsx5dznu5
x8wu6vkz4vl1aajjc801
urrjtwqn3wsulhab5bdb
r79p6iyec76ulhetqcoc
melinda
krv0wqa3v2ewhf43k9p5
v64v4lisl7nujt3xmu63
4msv32m6gclw3tng83q1
ryklbj21wfamqnp70jnw
ugg2pnqkiv99z0zqiwbm
200drwmrq69kh1hxkedh
0xoark07sv9p96xbzdcg
0ut3c4k6s3pprdz2qjcn
2odl9a3ck8qwy1c5g8j0
n5bc04g1pkdz83gxi6nh
js757j69ow8dkoukew7y
foc67x2x1jsf7hanke32
vxotx6wz2ub75fq8oepd
ngos
africa
ngo
dxht3en0pmd6qiiyu7b2
6k8ny70ob6bwtjnd93j4
ngos
ethiopia
ethiopia
2is49wcfu98uw115pdc3
83wr6yvalingmjfbb2nd
africa
6gj5azve1z4juxgyls5c
hno9tl1mgm8mni9yt6ad
96jx449fq29qa6s2j5xd
le91fgdvuhjx6eje4plx
5ogscbm41eugx5ddajx5
1ddcmicx9p5vu6lfz2nz
qkxgm7d37oo1efjnt1xu
7mw1l4bav4ig1elso543
hiv
2z112dwk24x5adi8aiuv
jnl1m1aqmxzfuf4vmzhm
ci65dz1rqljmjpccbkwb
feafvckqwblujybxpdjh
cfbyzlu2t4udz86q9iir
u0xz4h0sg6rypbrz8cde
iuyzilnbhd8uxs10gvir
shriram
nepal
shriram
ma2p9rvo3vgx45k11svo
pjs7i175xrndcbigowds
k9k5lwuu7yhurud96igc
lgkee1q09f2n61q0ekgl
dp9jsrk3jmf8cum1xf8k
6hjz6a2w7ytrftrefhjv
l6qyw3ybyevyslse6zv3
rqroybuh5el390wur0hr
plfd4pl5xys1200mtras
shriram
september
swvh18pd6viilegm6e59
lltmaextdtieymy4pc45
kp3r5ce06kpw9fthrndj
xnhn0t4ybmojo4xdlonl
ah7ymd7vm24fi5tisub9
onfnfv4t798rc8ph7g98
joann
joann
tv1mylnei70bfnwzfofs
knp1xhx2mfnsgrqa6t6q
bwpolk5fi3qlgyx7qsfz
1dzjxciftrwxo1g76qet
qysz2oqvsb89r7d3cmex
gzctrlf99aio0nv1amqz
9zncypoo5sghhbyxrl29
e00x1tea9qni9m82fe7j
allobrain
afm
biogenerative
ae3flvfwa2jeforbijqe
ow1jbrbqoko5oq8ur1xz
3qx7ltshfl9246r8hhxm
zs6x0gd0or5d5grkz94l
eyx35lbihndfv9mem5zs
xokl3i46p92qq9l74uq9
7ue59ogcjn3ugpxwcdi9
7rrwy3h0w9bdfayo4n2y
98zy6ymp6e8fzb0ohcag
eis6h3l7sdhuotjephu1
37vz6b3mzap2ml7swr9z
allosphere
uea66t33bxp03c4ljhaj
69jn5yw739gi5tr4j1fh
0aq11llon1dp9tm08te6
everest
everest
doesn
r3p19flvkfq93unq9fuc
m28beu27n4a06bqmqix4
ttswip3tousqyymol534
7nhuqgmd68l3tcxl83sj
q1e34ip9ajjzuhk9fx5l
vwnqhy6firmk3zpwa8w1
nasa
siberian
russia
39qw7e9bxx4b7axcpu41
iheeyrkp42ckdw7vzo3b
a4bpyscm6x7iemdxt0zk
n7gawg6c0dg38f14wua6
y6y2lfa8jem04n14wse8
ke3gmq1dyjpnsx1jll21
nr40eb8du7izn1rblm9p
scott
antarctica
scott
9wth1if37fmee00uay2x
xt2lqdg8amtt46a4ngaa
ocl4j8us69rigdoflzca
an13el3ym9im1yx82l7q
antarctica
edwardian
4w1l3vz5qhguso16ghsz
k97fuupc3t92q34a4jrm
gsk36tpyxxe8aikj63wl
273pknk4k3qcg1wxxbsz
cm
marfan
tal
1aepp7phf97havt8ktyw
v9zw33fe9874rs93d6gc
hz4t0uk28msp79ceut76
hl232zunarabhz3hm3h0
w99opihch411w8qrpyyn
​​surgery
​​surgery
eqo6zfl3ckkd9uajo3a1
p5k6g5bkutoehngu7wge
7x1mwtu2vem1wjw4sv9f
marfan
lviol7yh5xzp6c4gph49
58dkclt0qisuz0mqq9b5
yb253ftatbsnumvijjal
vp1b27f9y1mwawlhaaya
rjbpswlmnvclsvazt41p
l74gzq749ua16sdauvzr
9sxadhjg64rxkbwh62ol
xghmr956h89w517m3hgg
sxpxb41b05dmqm0z629u
5ojnp6x1bbd83ly6ihw2
svjmojwmn9nuirayusow
1t8zge1tgmosg7s5obnx
m5iktt99yebiqpb9ogyx
yx27656au0mx1b8n3b6k
thornton
mohiaddin
ga3gwxcetliauu665um8
hvff02xe9b7zxcgmpnox
wcjck8v5kozrk3wsyuq8
qmwyt7qoy1s8w163p3hv
scgeiwfhkgqvv1887mva
1epcewo3iw635sfus4la
b58h0s2lc5dowt2dzshg
wc2qswd16ape6otcy1h7
uptd1q4pptwo3py1b2zz
4f92yh39kmc4seo22esf
wg61toqnpz88mwzv8m2f
mxm5msk3y7hdo52z7gfx
eynvg5tpb4b7ynq3o4p0
9483ip5rmc6ea6l3wbwu
1tk8fdmf1ssgh96g0dp1
tf59f9knhkdxbadkil5f
5k9oqcnv1z3x6qp8cq0t
mpm67mbky643zmxncz81
mkqn1akifrqxzquojjps
jhgak2ze48kd9n1bik8u
sgljmi56kwjcxj5ex4bb
mq6kgi494gb3upbcix62
uk
uk
uk
uk
uk
uk
oaqu4oe9fx2tdarkm6b9
wr7wz1c32bobpinx3ymi
98x0kitpsjs2hv8xpzpi
u9eeb9nv1ileccz2om8r
usa
3v8wf2e2tp3taqbrmwez
lyzdm4z94blb6wo5fh75
xr972lptnxcyc2jhf498
mdn9s723nvhjkvx1q417
r43ihjpb19cm8wxu584o
h5zb463z2lefydjuzppr
g6jf10a1dg5yroipyxll
s212wc1vb3k2lfxdi9zi
5e2zycvvzjn2fahmbzuq
eft8n63zujuifrpcjuzt
v5ezodc8rncb56yduqfn
jilnxxuz3g9mq0d73jlg
xqom45b2m4glkzqz7n4i
0u93oozelga8a7izkxfg
84jnq5nvdaa6n2cz1xol
dp3csjhdj1c2atejmg29
rkg750ihgjj3bi2gzdzz
e5ae6pn59ramqwwo2bxz
4krwcfbuagoar1ivcqra
ey19ddxv1qdpm945uopx
rw40p0l5skj6wk6alc0d
cwvjhqhzfiuszb0zvero
235wtcl816rno14mukbd
vg1xbcrb13lmkxhzdyud
aurqa4yx4g40gm3phzva
wyv4u6f3lze6ybznzggc
usda
t2n9pophljfnikmkiv11
8q0s0qsl02seo7tb8q6d
5c67ekruydqj7xhd5rxp
niz907kt7nt3lvgm9knj
e75l2cxgydp8atjmmc18
europe
ix0tsiubbic3w46l7w4m
z8djbxilxy7sq0zyzeqg
y71p2q7eomssowlxdhyo
julia
aykroyd
iz20nl7wg9sr8icp3d0v
1eoy74ng7n138p7nywyn
ljf2n8hm159l5ug8r3nn
kty6y90d0wjcqni24hac
4rdkgpgyt8qeiy0iimzi
ayzsmwgy9kh3yyjbsxxe
california
salisbury
christmas
1ro8vdtrwc6r1xtf1cmr
1fqxnduq8hqavx0dr9bm
0mrbao3w6g1n4k5fx03v
nedwnv30j1b87wnn062s
7twu3c3h1mczkgqt9zrq
0az7qhyk9sm7b1a2ah6d
cygt9binp3grux3qzqmn
q5vxs9ttqee9qx44ijgy
lmg5xan33ye8kp4jmoia
8jjh3k9wbrm9u3h744r7
nxcwbq4jeajsy3n2644g
ehevlhtjq3gy7ys7u4ov
oov9yiv1bflbgolj3iwg
bzur0pwebtbs47y9ki64
x20at0frl4bulyg2g3kr
z121rruouvbleiyfo1u4
dllmiqifi771oib8u5p8
2ev0c5ekc01ux5439swp
gdqehygjewqgmvoz9vxl
6z8ouxc4jlmy1gfymkw3
lk3k5115xhvy9kmordln
zix6en0htrsj8p19bnyq
7rgigzo3wbnqhuvfznee
ndkmun8m9d1sngtze81f
wvo3d2h9r0a37ngcbpu9
xh2g5yszvuen8nph1u7l
tok6bxblub3afdy4mypb
xpp1wp28sng6lktatjb0
apgup7kzug9ehatv2eoh
zwav086xlxdij9y9yhde
enxw0agw1fxgvhljrqiv
truckloaded
truckloaded
usda
cxvaxypw337mjgljfy8n
min951guqvssonmra60s
9u4o8eqfbvlqgf4ndmqr
n57b3zv99kesfg0zj5px
pmbzrezs8hhun4euucl8
ffocf4d5rzux3bdmol9t
ri9xs5wm1jpq0t54795u
msoqmc5yaabvqxu1isi4
sasw6dp21gd0dm3cbox3
usda
4yj6ob0a8n4a5xt5ew71
qfx8xtjb54rhswlteymm
uwl6asoqvvf9ts1vcwgk
rspqnicxeb9a976su2a1
emz1tz82nx5cjr7mgk1a
korean
frubber
3trohkt3pfhkps1ja2h2
49dxgrs34zcynbshbf2w
n3qylr7vrua86gz2w10f
70effy8sfbgnaladk2p1
i7t3e1hafcidd37mrf6q
7st7ei2f163bkfm9nsu1
4e7ev7rgx04hsjegc4tg
7mggk6eud85569tnabvo
wntuwosvhlfg31bx5esk
qab6t01eofoqoudra7zb
nextfest
gever
60ycpxgmz8pvmgfj4o3x
t28esnnb0xnjb84f85ip
thkxbvixsfyv2zoaysn2
gever
iokd6wccoasge1tc4z6h
otpilwb4sirb5ym456lu
15gvssbsndkk2hp95v0q
niyzl9mz68b16vfr74e8
ukp38xjr8bnxdc55u690
35f3ye8wg8ge4dyaq98n
gever
tedglobal
b81v4s7mspnjy2gh923t
wq0s7f2o2z9dtof9dqox
sl78mdtox0bpbxk2xl3v
klz700uhfpl73ekawurf
0g4jwy282414dn9j4jax
0zcxbv2zww3i53bic34t
m7twpn6oytni5al0hrqk
wftiv6gsc6eaohj8nyky
4ducnhfa22pl5u96pjin
xpxgts43nkdpohfhup7l
vklr5hhnld0eihpxkeq0
v4rqc63wvcffkm2gszi3
18zife4qm0ahfc8r9axd
03ein2kcc6cs4aqr0y52
nxyq0obpg7rw7ylzcz0p
67xk859aj37jkh42paxm
jackson
majora
macarthur
56q3l0azuskm5d21590a
sd5cgo2dnyckpex401tf
rvlgn3en6iilnaw8ewol
3rbgkx8gcgq52d9lszlk
america
bronx
bronx
vfeeocra37ru6bq3sd1i
h7hmofgbeo4keyjeex57
8irowf3qkby0q2eiugvn
d1jjgadijnl3p0k9sh4y
plphkawkxfli5kk8rbks
506lx0eo4fn6dyzqjgbb
​​one
​​one
l6q3iqh9gmqfx6opgu7m
og6r6ldq7rr3dd3l4sj5
bronx
lenny
jesus
8de99dlcceysxa34z609
g48d6h1aqxjdkjavmd5c
uanqu4uuxzg8ozz1mf0e
pzb1x21x0daci23d3qrh
f9h3ji9vxk5c4388fd0q
bronx
robert
american
westchester
bronx
g951bmq9x1grm1p9hnep
g7vacdaz9jiz8jatj2xu
pn7t0c7966gti27a0izq
arp27sg4pxkf63pngvpz
ehmt8i2ba4qg0vezk62x
jujrr0crui8im0s96f5p
bronx
n7quskvhx4i4qw9szgta
nvhxg6pw4wugzfsnyxfa
1uo5i1jump6h4v9gfkfc
7ns898obj67nfuqlr51i
oe2kqplpfspptupmn0lg
qj9kwxzuv8stgaar1hsg
bronx
sheridan
bronx
matthews
87sakpzx51p0xvo80l2g
i3piijejatm3xv71591u
9af43d2dq7ktcbkt4206
gs8zbx14kfn9o55wejal
9f60dakkxvp9icosmqp9
oc9b38uo9b93lboy57u9
chris
katrina
bronx
bronx
46o21n1qncach4otm7l5
0o915yrw5jtcyl2bqx3r
emuii3cuoshaj5n4qfix
bnpiwncwcqw5j9qhueq6
bronx
columbia
tedsters
tz2xg4anawk0ohrqb0nj
enrique
hcyewjsdg9dhukqgt608
cxikhk0j9wq2jt9zi9uf
fp4ckt7od5emoxtqvc0n
57nph6sq169wxhtz937h
ga74z8q74mcikt4rfapt
kary
n8ptcaohfinkeo2kjhzu
64zovwj1asud3332rsgk
h7jsyx7dawracxjp9zvu
b10uytuvkz9v91o1i9a3
philadelphia
kary
i0x14dgznnbreyir4brn
0ex9k29irbbnih3xtvgz
5vwvvhdst22u5wy8u211
3pqzh4873gt01pqsi35b
george
jtlhasdud6bkcnx5bbo5
74zspi7nkprkwlefwgox
ol9bodjq528vqq1k6451
zu0l5qs6g6ak2sehuyv1
f2pm97qbkcircjbo0trw
ike
hans
yve4r3tnglj3279jvilr
u5ram8fncuapf4ymvhgx
5da50zkyjj93or65zu7z
uzq5rdo9j4bjyzuqlr48
egfaubr1dhmvg2li7njg
res26009lx0genvp051k
04qqzorbvewgx7llxlni
0nd3secz6exlwzrzwem3
4z7pwyd5wqt7khs815pf
5uhfwg6oxrlkejvvo9ix
gcel1qd4qsds4sdgg8c4
thkq4ie7iuwzj06annb7
5j1gmq8vxmnnl0nq30g6
mcbl15itoxhxxkwvs98w
w5rgsc6q67vjm63kc3ci
b65tatmyqhthek7a98he
d1ubpz3xum6rg232jm9g
i84fpcc66gf7tlcqstx4
621u2zpwoiju7mpqu3ko
chinese
ynxhpve774kxbqb7ybaj
3xf68t4bno8p0co6n066
dtkbr09p69esnt79w497
pqdf017tewz05hsukiyl
2c12k22fkxuuwa9ack5g
l8pfa7ixd2i1idudlm98
44rqbl1jjhurng6ohvp3
fvyu533ghpmp7m1m7z7a
g7zak13d8hl4i6u0d7qf
rnmuvwgp5gdk4dcz688g
64yt6wteaof5lf4sp50t
ylo522x8dhbz6ihklgux
0bl6jzb9owy7tm15yv4i
6tba1c1lfro97x95e0rg
j0u6azgton8eidi1n1h5
khas6vxoy6ayeshceby8
q4b3ye5ghk9gyk52du7y
x0k8sqogw3f0sy1si37h
in40cn9c9ujmpb0uxx4y
ujpgaqm6s5gjzenu8qxr
qtnk9erzbssdr6la4lqh
1ayvgq7x2bisjesdnuji
americas
crc8uio04wucrlg1q64a
5bupjvk7g660i96wmgqv
bangladesh
arab
tpcsyqgtp5q9mksm8y5b
6bq57b7c1wvtek888976
3yeo17e1g56c7mxxoy9t
ioi5ixtur2i5u9wdla3y
2yr57hhteidr1oilledm
imd5gv722oiagajklzq1
aigi51gprsuh1utgo4z8
jx2kt4dsfra1lpfyf3o4
6jk5q8vnqxseit98lprp
hpjxa6l511h9fjoyv27j
w5vl72n3djk8jhq4e9ar
fy5rwugwtcp69ia1iur0
lothar
germany
hfyo9z5lqjrj0d4mgxma
dkszz73v3nnv0cos1osi
qw5vjbitvva1o7zbf9ks
meggendorferitis
taiwanese
n9c3wf11goqgu45gok59
xml17xlwbd0ybrvlpp6k
jwk6xr7zalfen4qzx5dz
inocml6uap8qyhpkd5w9
44r2i49zbkqka6z55u86
1mbjxvivuqbf0zbk7n2f
r7ctj3wmxx2nxuet46ep
tqymji2x540a8ell5qa5
iei7elvba7414owqokh5
baisrut3lwvnqg0lgfrs
missouri
alex
harriet
harriet
marcos
opower
harriet
prius
miwa
miwa
miwa
ami
couldn
couldn
isn
isn
didn
didn
ibm
irs
irs
rodney
tracy
tracy
rodney
packbot
iraq
aethon
chris
chris
mildred
samuel
samuel
robert
edward
edward
doesn
doesn
kidd
wasn
wasn
alfred
hepburn
knopf
dietrich
knopf
hepburn
michael
didn
didn
michael
david
mca
david
augusten
epson
huhh
ipad
updike
hepburn
jackie
aicha
phyllis
aicha
zacarias
zacarias
orlando
september
aicha
zacarias
phyllis
pr
aicha
monday
taryn
taryn
hamas
disney
hanford
imposedness
imposedness
palestinian
robert
america
kennedy
cia
cia
atlantic
america
kenny
eglin
america
hiv
mehta
campbell
alhurra
alhurra
afghanistan
frederick
charles
waco
frederick
calvin
mayes
arizona
idaho
williamson
ronald
chicago
kentucky
boyden
william
durham
webb
webb
gerhard
fiorella
juan
je
​​being
​​being
je
je
ueli
freeflying
freeflying
je
100mph
freeflying
copacabana
eiger
janeiro
eiger
matterhorn
​​the
​​the
eiffel
austria
ueli
ue
ue
ue
ue
ue
ue
amanda
tuesday
dresden
didn
didn
auckland
saturday
seattle
melbourne
miami
kickstarter
kickstarter
edward
george
ikea
nsa
june
microsoft
snowden
spiegel
american
swedish
gchq
sweden
thursday
swedish
european
americans
european
european
kimberly
nsa
nixon
snowden
americans
europe
january
january
saturday
mp3
edi
tirana
edi
european
european
european
albania
tirana
obama
obama
protaganism
didn
didn
meyer
efharisto
america
america
america
america
isn
isn
mariana
america
europe
darpa
kafkian
darpa
cia
gps
iphone
sbir
didn
didn
darpa
sbic
brazilian
jennifer
chinese
jennifer
chinese
nasa
americanness
tso
kyoto
kyoto
american
japanese
japanese
japanese
tso
chinese
taiping
america
america
americans
americans
chinese
chinese
chinese
chinese
american
chinese
chinese
chinese
chinese
chinese
chinese
chinese
illinois
chinese
america
philadelphia
mcnuggets
philadelphia
orleans
mcnuggets
jang
olympics
obama
joseon
korean
korean
korean
erin
american
hasn
hasn
james
james
european
european
didn
didn
oed
oed
friday
angela
glasseous
hiv
obama
mit
prius
stefan
stefan
spaniards
yamaha
australians
tokyo
yoko
wednesday
austrian
arizona
diamandis
stephen
kennedy
kennedy
tedsters
po2
byron
killingsworth
isaac
saturday
saturday
boston
jerusalem
ambucycle
eli
friday
jerusalem
emt
jerusalem
cpr
cpr
israel
hatzalah
didn
didn
gps
jewish
ambucycles
israelis
muhammad
ambucycles
arabs
arabs
arabs
muslim
israel
tedmed
joshua
tedglobal
saharan
couldn
couldn
julia
israelis
palestinian
budrus
israel
palestinians
europe
budrus
israeli
israeli
​​how
​​how
israeli
israeli
hamas
israeli
fatah
fatah
israeli
budrus
julia
palestinian
budrus
israeli
palestine
gaza
wallajeh
israeli
jerusalem
israelis
budrus
wallajeh
israeli
budrus
budrus
seth
rohwedder
seth
​​bread
​​bread
saturday
copernicus
arnold
dvd
paris
poilane
krispy
gehry
washington
sacd
hopkins
hopkins
ireland
july
ipcc
ryanair
walmart
​​resilience
​​resilience
​​resilience
​​resilience
​​resilience
​​resilience
ireland
copenhagen
newent
sussex
​​alternative
​​alternative
obamas
indonesian
hiv
bali
indonesia
margaret
hiv
muckety
hiv
hiv
hiv
africa
africa
africa
haiti
lazarus
hiv
scotland
hiv
indonesia
ines
ines
dunham
american
cdc
atlanta
arizona
hyattsville
washington
metrorail
england
belmar
california
seattle
minneapolis
doesn
doesn
doesn
atlanta
atlanta
saharan
mitchell
africa
saharan
hiv
hiv
hiv
africa
hiv
rwanda
baragwanath
africa
hiv
hiv
hiv
pmtct
europe
asia
hiv
africa
hiv
pmtct
hiv
africa
hiv
hiv
mothers2mothers
hiv
hiv
hiv
hiv
hiv
africa
mitchell
hiv
hiv
africa
hiv
capetown
hiv
hiv
hiv
hiv
hiv
hiv
tedx
arthur
bettie
eharmony
maeda
ii
ii
ii
cd
kyoto
cd
cd
helvetica
iphone
mandela
mit
rhode
risd
risd
isn
isn
london
becky
russian
london
luminoso
porfirio
pri
peje
mexico
mexico
mexico
mexican
mexican
mexico
mexico
benjamín
benjamín
barón
july
barón
julián
juliáns
mexico
mexico
mexico
mexican
masiosare
mexican
mexicans
mexico
ghandis
evelyn
evelyn
mexican
herbie
uk
uk
​​what
​​what
evelyn
evelyn
youtube
adam
goldberg
goldberg
doesn
doesn
tedxusc
tedxusc
james
james
iowa
allen
venera
nasa
kim
kim
connor
co2
america
iowa
co2
nasa
nasa
co2
co2
co2
co2
co2
co2
co2
greenland
orleans
oklahoma
moscow
coleridge
cambridge
snyder
british
british
cambridge
whewell
charles
david
herschel
richard
cambridge
francis
charles
california
herschel
london
british
british
british
zach
british
harrison
zach
zach
geltech
zk
keith
zk
inventables
chicago
jurvetson
zk
sj
zk
zk
inventables
omc
zk
mumbai
marie
delhi
didn
didn
haiti
victorian
british
butare
october
priyanka
gehry
venice
gehry
loyola
santa
ricky
didn
didn
kobe
morandi
toronto
michigan
chiat
palladio
oldenburg
toronto
morandi
chiat
loyola
oldenburg
rauschenberg
herman
herman
stanley
stanley
stanley
stanley
santa
iowa
boston
barcelona
minnesota
burnham
brentwood
oldenburg
​​the
​​the
doesn
doesn
boston
baldessari
michael
stonehenge
