sitopia
sitopia
sitopia
mẫm
​​trúc
dể
dợt
carlifornia
vắc
vắc
vắc
nàu
vắc
vắc
vắc
vắc
vắc
vắc
vắc
xoả
vắc
vắc
ại
vắc
vắc
sỡm
nhât
ậy
thiệp
ifoundyourcamera
bòng
thiệp
dâỵ
taì
gịot
chề
quyểt
phiá
sưc
muruganantham
muruganantham
muô
​​thức
​​thức
thât
núng
kavafi
tedxbloomington
thét
arialy
toạc
a5pj4wvqwhpwp2sap3pr
2fhwmid5hyac0kpw34l0
46pwebontg8n2cyr449a
g67hogqiaznn4xrpf0if
dzcjybnjs0su2kwjaies
6164v3hhiauk8h4kmg7g
4jth4f21dpocgpepirz1
7a7kq2yibyigwe89cgl5
2ke1wk9zv07qukh6397d
emgctw1lua7etjt4wvot
m3v6a6kjybno7v38hd8s
mf5mkeapyjeengmz5uv1
cdh4j5hesojek713u1xi
v35brn87t5r6ykrxlkpc
svq68x2zx1hbbx0d4mpg
jjdnd98qv4aang8v5j3r
299uunzo7gtgh8pk79fm
20d6s7e1q0r4aieyoiw8
letur792qle1u3wj74jf
yc2ge22ki6n1az7ws2gc
pk6gmbnwmt4iri7suyux
vệc
đăc
ggắng
hống
vệc
mmê
nười
vắc
vắc
vắc
mmê
nười
vắc
vắc
vắc
mmê
nười
mmê
nười
mmê
nười
vắc
vắc
vắc
hể
trôn
hứaa
fải
fải
fải
chẳg
tr6n
fải
nhình
vắc
vắc
vắc
tuổii
chuện
tuổii
nhứ
niêm
5ufpntnady7dk5c00ixr
cr12clt1tg7xm76z3pd8
mgsortiqm8mjiszkb43k
fải
0b5cry006y07516il2em
kja2yzqmuqg27wrqtawa
ompkp2sdpaxlzfinms4e
j2fqq66zv9kckcxd5dhw
oyml43r0j09sigq0146q
tdc
28w9kx1ny8w0oh4e5qni
càc
k4fzp2prtb9hhia8poar
g0ry6jcehyl0iw6boqul
tực
nghuyên
gu7x96b96s90nmg3a68k
cwvols1lm9wn7k0af8gm
76hvbsar2em89wm9owpe
nlllgy69jrbyr9buapiu
upo85bpknrm6ppkuwry3
nhễm
6u9afz04l96iuv3qd9zp
i989ulpemykf89z7qmah
kig7rxj2hc5fu0mqs6sx
32c2cgnz7y85sfxhhcnt
1r2tai8chbr94rqho7o8
a1r6pggvfigllspo4gm7
fải
chẳnng
vơ
se1gshc6r2mpl25v8mgu
iluab6qnn496v2ojfxtm
kjotgcii18doembm8s6t
vl39oikk47onq1k0vbmr
3rx7m6bj2sy1ejb6qkzs
thac35hunsczf4mjpye4
everst
ltqw5e2ya4futj4cdpa9
3md9s32plt34eqixmp2q
imja
kr2udup7fgsunop8c97o
kilô
lf9o4walg8sc68z1uqnq
cgtm6aoleirx8a3d3bvx
imja
6i8tt53argl7ruiu2y9r
1pry5p84a2ebu6mjo37b
1l5orup1b7gi2rtcv23r
x6r9qfitj76oh72tojps
worefq8vmgarn7j8s2iu
4xxmobcdr65rbv3v9y4t
4ct4gsjey97xjbk8va69
mlhn7pbrung6k76l1z1n
h4cw7st3735aektanwxg
f08w7thqw9nrpker10n0
lm88u97prpisogmqt94s
jr5lirwjdrq7vgk4u0g9
3tpbs9zt5sim9okk536s
g58l43pegp0netlvut4p
427qqgxje02ijdyhk9lj
6phjv3d1qls09jb05n3g
vt69qa74yakjdhtdwrev
899g1py9dq8dlzv4nt4x
td443ix3zdu60moz9b33
vgww6xphpxkyrw4tdptm
pndvrug4kfelg11gaii2
tzw3wijmb391avh2l5hv
icbiphp39ggczfqsqh9o
u2e6a5wkg4ngbla0d08l
3787mu1p51c87y1dld7k
9726rvph5jr7arnhekmn
vdenp3qkgydjz9di6sap
fmd8l1jlbl4au0o8tzlg
wbxwk9682fusfmjw3s69
pt8b5spuqv73gig099al
q7ppvkcri7cwrvzi50lp
fpldsnqib8mvntg4nhe6
qzh48h9vniyyuue5djfd
4myhxp2pfbdeh5mzheky
h4jhtzqw8a8zqqt8xmo7
zv7zlt03d9glk7ve5m6f
xno4r2yfcmfxowhdhvx7
kcuvzz7kp58ue1l2amtn
y63g2tt4ywcjw9hg82q3
cxolch3tw71vn3cakzl1
vyhx3b3c3bte12tz8c2t
voj8qyh3nsu089kp6mk2
2jaxr3xwv7arqw1oai7t
qhlcwarn7f7eprtympl4
wlj536mwnqfj0bfhtmmv
sronehenge
6h16408rb22hmxu2rgmp
​​trúc
u1adxcir4dsvor8uo47z
rrkifuna697idwgemw0n
03iwdnxkuviddjlwxsg5
chpofz0qugo18b2gu0lx
fuxfa2wilsfg9085ttib
tháy
9bjc33jpah6knka210o2
6gkbulrsluvchks6lz2s
5pftrazcq7gafcvj5htx
5x8uau1bholsplxmtlvg
1gn3sqt0h6xh4uloe11d
biêt
biêt
v5x75424tal4r4nkhgxf
dyy900jkmth5l0141hkr
r1cu53pdkqkoqek01wcz
mvcq1g6xp1nvsnzmtx0c
pic6y0zy2r90bu80cjqw
tlgi407vbf81uarfpzui
l4rgb8aznpea8yg9l3iu
1csxby5pzmt074412agt
wgcr2frcv6t2xznvuzbl
jkr5ncb6x3rlen5695hn
c3hl16wsesihos9vt0mf
tsdcmf68q5a7rtp0izvs
4dd14q9tl0tq2xb4m3td
0ex52mweormifttuegea
dlnliz6oj5re9zuysyze
a8q479xn6opz5zrgh830
pratury
pratury
7ofw5z61yevggww0u245
xx8w1ahhhwr4klnbkz3t
70x19c1n8fm6fy3qvr6b
malif
5eb2nltgteb5jful0ii6
nm7oz2ps4trx1jl5qcps
mm0zx4lzxnls8sqqdzlu
h9vbm4d147ibv9s4e2s2
tn11r5kb21kctc40bean
0d8ign7dggmdq7xfgpg5
u5kstrp0ujkk84sajnds
v5xwn01ybifdypjzu6k0
fq2os4n1myd9kkzf1z5r
xcgso281jaxyu21an64e
editkwqz0bdatjoouoix
3gwglp00sfrw07vwzfa9
gột
kpydfzgatafswhaotz9g
42a981868pkcnust85hd
d1ryd6k1fan4axxtnw2x
7h1vepvgoj3xwt4cd8ct
yuuwtonbtwdphi0jve2j
vhklyvw9su9ecrjfxw3r
ted2013
amjtnnhgo9xbb8sqkqwh
iwugr6cflthhs0niy7f4
p7vfrqeoebrphqdlrebn
อย
1dehw41jabq0j62qtlaw
l3w2jktf6hjspih7o3qo
tmn1gtbkw4jimhk7w14b
3fqoz53uoc9904mbzjvw
pagd7dcsuv83fawnhdow
xuj2ouoi5shlffbn7dwf
6e0d1l4cz5xpd584mx0p
2s3cx9key3ihh6pui8ly
nj7lzwvbpwxtjz4lxbto
oxu1g06ocl964sb5qm6r
peojrd2lftoz2w96tede
zdoqbvvcfpf75u2evr3g
q931uxmwszdzcopb63j3
zzmexeq2qcfp2j8krj13
0wez8v0vuu1evvnk7tvp
v141lja8viq7cetb4aq4
eg70zswc77lj6z4h9ot8
n3zu08gqpsc6q68u7kwc
xplp10ar16ktts8t135v
r2bmuurni5avzk32ndfp
z4z6gic6w9dkvk3s0ug2
tedxhouston
utdacs9djvemxfzs38v8
127rr7cd6ocharwhhmpk
brené
brené
7jeqoriz7evb2rgyza1g
3qg2h3852apkbc76re0g
94dc1dlfeqw31ae6agqo
gqfa0xqc0t7d42mmz9h6
k84vbwi50uscm2fcyrvl
pxwdi5tqcfw0xqg679ci
tw0djfz10kc9m6dibkdk
lbx7ki3vc69tc4vq3otu
uo72ccg50baaxgchjwwl
gxpbll16gwoc0jew90nc
sh1e6eydagkqwtcey3mb
y44446p84sd6jufq8ndf
m35sc3tczuj33h24bwgf
1lsebhs43c5w9i2e54k0
d2r6yjxrqdj2n39f4get
spv8odza2ubrqwep0ig4
gp96p979iae7ptncn5op
4g6ktz4np4qgau3h7bwr
8xx5a8679fsvh8kq0oq2
crvivk7pqtmhggd34ykr
7eyd62csev36235xsvjb
cdu7l2bp8y45qrz3qb6r
o6ujg7efw3nic2prblm8
bkgk9ea7w8jj2sznzt15
iduzkfrf9z22oukbmpr3
ndnw0gxig082g3eecxxr
ji6v5isojgkyn0u1gnoe
njtf0cazj3g6xr2r8nlj
2sxtkv2d0l84glvkke39
n94y8vmspx8t4xz6tyy5
t9ntum866fpysodl280g
3n4y5kutqws07e4gvyoz
nli9cp4kesn92vo15mlg
kty4552j1k1o5in9ymgu
n0z95bqi2dgm8za1y7ei
he0zdc0xaog79t4xrtpx
otlblcztkvs3zjjf8bbh
b46wbjc25voip3f8qslf
ingawale
hpm39dwdytnu4zgzp7x8
7z8omayv7zlztn717g7a
birqydqv6zprs5btunh2
tt4vx5k7aa7ot50kj9dn
ffq23dhwa08sa5zyac0n
jizm53ovuw8wkmm0xfti
hpsgiw7epe573rh4zbwe
qekjmreejf9xdjcyecgj
lappjxuxniaa5b0zd9h5
tyoknnl9rcqmlikm1eu3
3vd6kf8qe090k2iq8sai
huênh
t09mg7yo8pg22c8syd1m
00ru2455t6kigcje22l8
srbps6xbs33ej236cpzo
3idlx6pwg5vm8asypnrg
mwgdgi51frn74cs8q2b3
gột
06rcim0s0evb8vqghv0b
0mqav5cr81aex9llzffy
9vonwlk2ul6uwdtfm2t1
1wys3dcefpqd5uveafix
aw3e1ajj8tdeuxq5yf2o
nvh824jeezgppo0b8gdx
gr6hqvagmhrujmdxpjqu
wjyrvvgvm18lt1o3710n
lk2tjtvgj0i1yg3nq71w
u3sam7z66kqbjo5blq6h
vahgvbhgh9rck1qao9ci
kosq13oc9kuloh8dbn17
mahalik
u47tll7wsh4371bxpp2s
cim0ufx86of2hrquqjz6
g0x1btmjodd03gi14xsa
uurqoar2jr8eop29vu01
j3onnn9jw0947tdthar4
hf2pyzi593ome5d1q741
4jcz7povz69iaagu583j
ws4q0c0l84zltvbzopx8
kgvbirimpm6v04q00x1j
uygoc7fo8hkfqi2c3s4j
st1vm4c28mfezglb2r4f
3n6nppj7xooumvm16ds2
xvhr3q1vwwqwn98u4uu3
vbp90vv12qexbx2scl42
63z22ieq7ekq8hfhn2ep
g8joqhz2906y7lpriv6n
lezedf7n2tq4kuzls2wo
s5gr676zdkmm2xqedegp
fmz274qalpnrmrukf63p
rj1xgkynn2rrghbwnnft
0ce66xnvu8hrzv6fher9
axl1zght9quvj0xyl4iv
a570sq1yi8b445rjjy3s
tckovmf1zp88eqr95wmt
r2kwrjzswfnr9gt8vkgk
7764glfl9d4aub5hm7l6
dv8s8a95l09kwqhdab80
y4xclcukkwqk03pypabj
v8d0lbtwlvscafaasq6m
8kuy48l20k9x77asr55o
lc74rz8x8snmd80rt4au
5dnwddaup1p73x5rk4rg
y7z3a92wo7tmqcea3rpu
ql1ns4mc7orz72aznmn4
7up7ovj59859zf6l4s0b
xy72p086l1ikf4tvks6q
kp4igavla4q6ngwydwky
yejyaja5brc59ewir3bn
zjvpcdl8c2lzyv17bo0x
s2zn00pzd5j66laczcm6
9t0t02hbl2t1mlgs2mbj
w5yorxzmtdvghegigyl2
rxc2xcgw5n9pxgjhmw4y
ucnyqnts9osijfdc5ppb
njszd8xp0opcwswppd7v
emmart
emmart
d99scxij0nvh9n72bovl
0otvwas3ychj16di636g
92ssm86xbxo4jotved29
5t5yw2j8uma32n87xn3f
pdujqwxkdvjyh5jpsb6x
uaf4dz8i2ffyihu7b8tk
eem79oerkx593dd9vcuk
ajvtzhgef4n02on4n7wu
hymalaya
lgwufcs1rgc5bk4ywldg
6o53ikgyevfdcs1qox1k
9oo7ie7r2c90gye8akpb
djcg1ef5r6d6zt0e4axw
97nwqypx6adgbwxzlqsd
3n1tcruge6o2fmfc3d8k
una1jvwzwhd6mpfg4lkq
d96yq4xd76t4i3kich2h
u8m3qnpoyb9fcrheacre
w3sykzdaobp2dc2miu4k
48vdrntvvdg7vh7wi3q1
smvxwvllc5r86e6myojt
d26fifyptwp1iu3lnxh3
pinoneer
18fjskxqrsajw3hee1mk
chệch
819ltfckmzogn6py8pi9
2k658gynkjas2pnzoyxs
4198xcpslj5id2glxeq2
r4qobgoy5mzwz0cpynpw
2kz26ap9hhq4nok0xu90
m9ogqqwalpkwq1ggfl3m
a6q8ap7yt7tuatwpznfq
hgmpk7osm7h15m182jvb
wp9z8lbmu2dag4a655oq
7ckp497pjcqch39qm7in
aseik3k8k1gord4l28jm
4d7lakefn5qf4vk6bbq5
pgf4537g4ksdtdlrih7m
oil7neruihtzvycvcv57
vể
mgm0ycln0tp93g8blb1a
fjqx50tyu3rby7wykc4t
868emwhrjh8ri54hed1i
7rmy5s6bifpiw2f7olzv
8zwkiyc62w6knhgl0xx7
10hjxiarf8mlycme5md6
xev13huzbdxjstvx9ro0
pssgmdstkpqdyy0xib2f
agop3hfsvxvy64z2bgex
4qgp8pcnt14l1bzsm4ei
u3lha3wc88dlffmzfs8x
qlzrwkw0myn5jf2qwf4c
8bu1uvxz57hdmlawkxfc
bskbyxjhn2lq0vvfgvqh
hóm
hóm
ngở
to6o
nguổn
m9yr0169saawle4d6kxe
5mi3vjyzogx9d9yb9kyg
1x10djowtf73u5cwkqly
1u6ijm0gyns9xatf1xyq
ngở
jv06ku0sv7ra3lwlc276
3j30zvt2ix8943tumxwl
oy3c584fotr92iwqs3sj
t9ejafowe8l1d1bzvgme
21l4344s38ypub5bcp8z
8vip0izznhsotoz9uv76
drmlrmq1cjmhk4i2nrxm
88fan9thrbeghwpgxkmm
2afre4a8mfuyrqf7u7lm
8ygqqg78ovp4easg26n2
tujg3crouxz1mxp18dhf
vv2a7tgydcjd5cvga68b
8mvqtmfzow3bg09ei71k
t5z9exvevaml5iytzpvt
e21ady3yblmt4z5dpnam
emuox7tmzeddg86igsad
vởi
3as74usx5ktmpkcbq87n
b2ifp6u64db086avwe7a
yojuwu2t3y8isxb3y213
xtoawl7xft998tifgjcf
pc43u3zpe4i0dhu0vtsn
0ijoz0s64tg61zvel855
n4l7eujng4f49ofx4rwg
rạo
mội
cưởi
ef0n9z9l67rdvy6nkylo
y9c8s8x61wf5dq8pw26n
luscx988gwfebqs2zb5k
85el6eqa1loiscfcgvf9
ntqx0s0z53revwv5n43f
7xc2ndlbgxqobsne7t5p
rx2xug1bxqpo9x0ppdk7
u5mzwr38zidd4rp9juha
vav6dmb5ybgki636u06v
tậm
m5xm1g7x6qdcrzoeqkek
st1aw8ab1tcbtwd9di7l
c4a6zykywk5itc32n8l0
milmx10zg4rgepyhabyj
ucx8cowwq8bagr51343n
rz2ungpdsypnggecnk3z
hqom4tuk0ehyl813m8k4
42azv64fzliq2o7fjqfn
co1at6pl7p8uylrnbttk
ngưởi
ngưởi
l5mqkn8j9mwlnim9drpc
tvz93wbxyhfc5wifknmo
nvb9llo3d6rjtg8svqq7
vkcvlo3hae5xezvju6lh
fb0cjcmgoqkp7b85mk88
0v3lbmsejn426sevzwkq
aql1rppb6ug5249iqsp9
tuông
0cibh2kkxf99soxwsabw
kyx3kn2ch9j3hf73gs7x
khoải
p8see9cnuhfvkpawt2w3
vweqsmnoe5pgz443nfiq
16mbeh7wmhgljxgn0rwc
p416r9dwyg443v5rx6sf
uqaroiveg3bgei8zji5p
p83hcbzq8mfenlpa6wtz
z8rexdpkdpjwffxxt4wc
ny9ysuaghmwcb72dmt7m
thẫn
chón
25r960rx9ggp2xl2vl8o
oqwon9sj3pmkltptxoxs
mính
4ohifll1uyq4dnd8yeip
wofvsq3dn273cigemapb
pfwq5kcjdhjbtnjs1eza
flqtzv9yf7d54kv57dvp
10qpto2g1tn2xx6z7ew0
mzoj44sec7i5mvd7ozps
